---------------------------------------------------------------
[ 2018-10-22T10:19:00+08:00 ] 192.168.10.10 192.168.10.1 PUT /api/franchisee_contracts/30
[ error ] [0]致命错误: Call to a member function save() on array[/home/wwwroot/pro.xiao360.com/application/api/model/FranchiseeContract.php:146]
---------------------------------------------------------------
[ 2018-10-22T10:33:20+08:00 ] 192.168.10.10 192.168.10.1 PUT /api/franchisee_contracts/30
[ error ] array (
  0 => 
  array (
    'file' => '/home/wwwroot/pro.xiao360.com/application/api/model/FranchiseeContract.php',
    'line' => 144,
  ),
  1 => 
  array (
    'file' => '/home/wwwroot/pro.xiao360.com/application/api/controller/FranchiseeContracts.php',
    'line' => 110,
  ),
  2 => 
  array (
    'file' => '/home/wwwroot/pro.xiao360.com/application/api/controller/Base.php',
    'line' => 193,
  ),
  3 => 
  array (
    'file' => '/home/wwwroot/pro.xiao360.com/application/api/controller/Base.php',
    'line' => 369,
  ),
  4 => 
  array (
    'file' => '/home/wwwroot/pro.xiao360.com/thinkphp/library/think/App.php',
    'line' => 197,
  ),
  5 => 
  array (
    'file' => '/home/wwwroot/pro.xiao360.com/thinkphp/library/think/App.php',
    'line' => 411,
  ),
  6 => 
  array (
    'file' => '/home/wwwroot/pro.xiao360.com/thinkphp/library/think/App.php',
    'line' => 296,
  ),
  7 => 
  array (
    'file' => '/home/wwwroot/pro.xiao360.com/thinkphp/library/think/App.php',
    'line' => 124,
  ),
  8 => 
  array (
    'file' => '/home/wwwroot/pro.xiao360.com/thinkphp/start.php',
    'line' => 18,
  ),
  9 => 
  array (
    'file' => '/home/wwwroot/pro.xiao360.com/public/index.php',
    'line' => 21,
  ),
)
---------------------------------------------------------------
[ 2018-10-22T10:33:43+08:00 ] 192.168.10.10 192.168.10.1 PUT /api/franchisee_contracts/30
[ error ] [0]致命错误: Call to a member function save() on array[/home/wwwroot/pro.xiao360.com/application/api/model/FranchiseeContract.php:148]
---------------------------------------------------------------
[ 2018-10-22T10:38:15+08:00 ] 192.168.10.10 192.168.10.1 PUT /api/franchisee_contracts/30
[ error ] [0]致命错误: Call to a member function save() on array[/home/wwwroot/pro.xiao360.com/application/api/model/FranchiseeContract.php:150]
---------------------------------------------------------------
[ 2018-10-22T10:40:16+08:00 ] 192.168.10.10 192.168.10.1 PUT /api/franchisee_contracts/31
[ error ] [0]致命错误: Call to a member function save() on array[/home/wwwroot/pro.xiao360.com/application/api/model/FranchiseeContract.php:150]
---------------------------------------------------------------
[ 2018-10-22T10:46:56+08:00 ] 192.168.10.10 192.168.10.1 PUT /api/franchisee_contracts/30
[ error ] [0]致命错误: Call to a member function save() on array[/home/wwwroot/pro.xiao360.com/application/api/model/FranchiseeContract.php:150]
---------------------------------------------------------------
[ 2018-10-22T10:48:38+08:00 ] 192.168.10.10 192.168.10.1 PUT /api/franchisee_contracts/30
[ error ] array (
  0 => 
  array (
    'file' => '/home/wwwroot/pro.xiao360.com/thinkphp/library/think/db/Query.php',
    'line' => 241,
  ),
  1 => 
  array (
    'file' => '/home/wwwroot/pro.xiao360.com/thinkphp/library/think/db/Query.php',
    'line' => 2234,
  ),
  2 => 
  array (
    'file' => '/home/wwwroot/pro.xiao360.com/thinkphp/library/think/Model.php',
    'line' => 1039,
  ),
  3 => 
  array (
    'file' => '/home/wwwroot/pro.xiao360.com/application/api/model/FranchiseeContract.php',
    'line' => 150,
  ),
  4 => 
  array (
    'file' => '/home/wwwroot/pro.xiao360.com/application/api/controller/FranchiseeContracts.php',
    'line' => 110,
  ),
  5 => 
  array (
    'file' => '/home/wwwroot/pro.xiao360.com/application/api/controller/Base.php',
    'line' => 193,
  ),
  6 => 
  array (
    'file' => '/home/wwwroot/pro.xiao360.com/application/api/controller/Base.php',
    'line' => 369,
  ),
  7 => 
  array (
    'file' => '/home/wwwroot/pro.xiao360.com/thinkphp/library/think/App.php',
    'line' => 197,
  ),
  8 => 
  array (
    'file' => '/home/wwwroot/pro.xiao360.com/thinkphp/library/think/App.php',
    'line' => 411,
  ),
  9 => 
  array (
    'file' => '/home/wwwroot/pro.xiao360.com/thinkphp/library/think/App.php',
    'line' => 296,
  ),
  10 => 
  array (
    'file' => '/home/wwwroot/pro.xiao360.com/thinkphp/library/think/App.php',
    'line' => 124,
  ),
  11 => 
  array (
    'file' => '/home/wwwroot/pro.xiao360.com/thinkphp/start.php',
    'line' => 18,
  ),
  12 => 
  array (
    'file' => '/home/wwwroot/pro.xiao360.com/public/index.php',
    'line' => 21,
  ),
)
---------------------------------------------------------------
[ 2018-10-22T11:57:09+08:00 ] 192.168.10.10 192.168.10.1 POST /api/import
[ error ] [1]Class 'app\api\import\Import' not found[/home/wwwroot/pro.xiao360.com/application/api/import/FranchiseeServiceRecords.php:10]
---------------------------------------------------------------
[ 2018-10-22T11:57:20+08:00 ] 192.168.10.10 192.168.10.1 POST /api/import
[ error ] [1]Class 'app\api\import\Import' not found[/home/wwwroot/pro.xiao360.com/application/api/import/FranchiseeServiceRecords.php:10]
---------------------------------------------------------------
[ 2018-10-22T12:03:08+08:00 ] 192.168.10.10 192.168.10.1 GET /api/import?func=franchisee_service_records&fk=b83d37d624d60002b54fde4d11073e37&page=1&pagesize=20
[ error ] [0]致命错误: Class 'app\api\import\Franchsiee' not found[/home/wwwroot/pro.xiao360.com/application/api/import/FranchiseeServiceRecords.php:69]
