---------------------------------------------------------------
[ 2018-12-14T11:10:41+08:00 ] 192.168.10.10 192.168.10.1 POST /api/course_arranges/law_course_arranges
[ error ] [0]语法解析错误: syntax error, unexpected '||' (T_BOOLEAN_OR)[/home/wwwroot/pro.xiao360.com/application/api/model/EmployeeStudent.php:61]
---------------------------------------------------------------
[ 2018-12-14T11:51:51+08:00 ] 192.168.10.10 192.168.10.1 POST /api/classes/86/doassign
[ error ] array (
  0 => 
  array (
    'file' => '/home/wwwroot/pro.xiao360.com/application/api/model/ClassStudent.php',
    'line' => 238,
  ),
  1 => 
  array (
    'file' => '/home/wwwroot/pro.xiao360.com/application/api/model/ClassStudent.php',
    'line' => 117,
  ),
  2 => 
  array (
    'file' => '/home/wwwroot/pro.xiao360.com/application/api/controller/Classes.php',
    'line' => 357,
  ),
  3 => 
  array (
    'file' => '/home/wwwroot/pro.xiao360.com/application/api/controller/Base.php',
    'line' => 792,
  ),
  4 => 
  array (
    'file' => '/home/wwwroot/pro.xiao360.com/application/api/controller/Base.php',
    'line' => 410,
  ),
  5 => 
  array (
    'file' => '/home/wwwroot/pro.xiao360.com/thinkphp/library/think/App.php',
    'line' => 197,
  ),
  6 => 
  array (
    'file' => '/home/wwwroot/pro.xiao360.com/thinkphp/library/think/App.php',
    'line' => 411,
  ),
  7 => 
  array (
    'file' => '/home/wwwroot/pro.xiao360.com/thinkphp/library/think/App.php',
    'line' => 296,
  ),
  8 => 
  array (
    'file' => '/home/wwwroot/pro.xiao360.com/thinkphp/library/think/App.php',
    'line' => 124,
  ),
  9 => 
  array (
    'file' => '/home/wwwroot/pro.xiao360.com/thinkphp/start.php',
    'line' => 18,
  ),
  10 => 
  array (
    'file' => '/home/wwwroot/pro.xiao360.com/public/index.php',
    'line' => 21,
  ),
)
---------------------------------------------------------------
[ 2018-12-14T11:53:01+08:00 ] 192.168.10.10 192.168.10.1 POST /api/classes/86/doassign
[ error ] array (
  0 => 
  array (
    'file' => '/home/wwwroot/pro.xiao360.com/application/api/model/ClassStudent.php',
    'line' => 238,
  ),
  1 => 
  array (
    'file' => '/home/wwwroot/pro.xiao360.com/application/api/model/ClassStudent.php',
    'line' => 117,
  ),
  2 => 
  array (
    'file' => '/home/wwwroot/pro.xiao360.com/application/api/controller/Classes.php',
    'line' => 357,
  ),
  3 => 
  array (
    'file' => '/home/wwwroot/pro.xiao360.com/application/api/controller/Base.php',
    'line' => 792,
  ),
  4 => 
  array (
    'file' => '/home/wwwroot/pro.xiao360.com/application/api/controller/Base.php',
    'line' => 410,
  ),
  5 => 
  array (
    'file' => '/home/wwwroot/pro.xiao360.com/thinkphp/library/think/App.php',
    'line' => 197,
  ),
  6 => 
  array (
    'file' => '/home/wwwroot/pro.xiao360.com/thinkphp/library/think/App.php',
    'line' => 411,
  ),
  7 => 
  array (
    'file' => '/home/wwwroot/pro.xiao360.com/thinkphp/library/think/App.php',
    'line' => 296,
  ),
  8 => 
  array (
    'file' => '/home/wwwroot/pro.xiao360.com/thinkphp/library/think/App.php',
    'line' => 124,
  ),
  9 => 
  array (
    'file' => '/home/wwwroot/pro.xiao360.com/thinkphp/start.php',
    'line' => 18,
  ),
  10 => 
  array (
    'file' => '/home/wwwroot/pro.xiao360.com/public/index.php',
    'line' => 21,
  ),
)
---------------------------------------------------------------
[ 2018-12-14T12:18:35+08:00 ] 192.168.10.10 192.168.10.1 GET /api/orders/do_print?type=receipt_bill&number=451
[ error ] [0]致命错误: Call to undefined function app\api\model\get_season_name()[/home/wwwroot/pro.xiao360.com/application/api/model/OrderReceiptBill.php:145]
---------------------------------------------------------------
[ 2018-12-14T14:43:20+08:00 ] 192.168.10.10 192.168.10.1 POST /api/orders/do_submit
[ error ] [0]类型错误: Argument 1 passed to app\api\model\ClassLog::addClassStudentInsertLog() must be an instance of app\api\model\Classes, array given, called in /home/wwwroot/pro.xiao360.com/application/api/model/Classes.php on line 1770[/home/wwwroot/pro.xiao360.com/application/api/model/ClassLog.php:143]
---------------------------------------------------------------
[ 2018-12-14T14:43:29+08:00 ] 192.168.10.10 192.168.10.1 POST /api/orders/do_submit
[ error ] [0]类型错误: Argument 1 passed to app\api\model\ClassLog::addClassStudentInsertLog() must be an instance of app\api\model\Classes, array given, called in /home/wwwroot/pro.xiao360.com/application/api/model/Classes.php on line 1770[/home/wwwroot/pro.xiao360.com/application/api/model/ClassLog.php:143]
---------------------------------------------------------------
[ 2018-12-14T14:45:22+08:00 ] 192.168.10.10 192.168.10.1 POST /api/orders/do_submit
[ error ] array (
  0 => 
  array (
    'file' => '/home/wwwroot/pro.xiao360.com/application/api/model/Classes.php',
    'line' => 1775,
  ),
  1 => 
  array (
    'file' => '/home/wwwroot/pro.xiao360.com/application/api/model/StudentLesson.php',
    'line' => 2250,
  ),
  2 => 
  array (
    'file' => '/home/wwwroot/pro.xiao360.com/application/api/model/OrderItem.php',
    'line' => 482,
  ),
  3 => 
  array (
    'file' => '/home/wwwroot/pro.xiao360.com/application/api/model/OrderItem.php',
    'line' => 339,
  ),
  4 => 
  array (
    'file' => '/home/wwwroot/pro.xiao360.com/application/api/model/Order.php',
    'line' => 1255,
  ),
  5 => 
  array (
    'file' => '/home/wwwroot/pro.xiao360.com/application/api/model/Order.php',
    'line' => 853,
  ),
  6 => 
  array (
    'file' => '/home/wwwroot/pro.xiao360.com/application/api/model/Order.php',
    'line' => 1339,
  ),
  7 => 
  array (
    'file' => '/home/wwwroot/pro.xiao360.com/application/api/controller/Orders.php',
    'line' => 277,
  ),
  8 => 
  array (
    'file' => '/home/wwwroot/pro.xiao360.com/thinkphp/library/think/App.php',
    'line' => 197,
  ),
  9 => 
  array (
    'file' => '/home/wwwroot/pro.xiao360.com/thinkphp/library/think/App.php',
    'line' => 411,
  ),
  10 => 
  array (
    'file' => '/home/wwwroot/pro.xiao360.com/thinkphp/library/think/App.php',
    'line' => 296,
  ),
  11 => 
  array (
    'file' => '/home/wwwroot/pro.xiao360.com/thinkphp/library/think/App.php',
    'line' => 124,
  ),
  12 => 
  array (
    'file' => '/home/wwwroot/pro.xiao360.com/thinkphp/start.php',
    'line' => 18,
  ),
  13 => 
  array (
    'file' => '/home/wwwroot/pro.xiao360.com/public/index.php',
    'line' => 21,
  ),
)
[ error ] array (
  0 => 
  array (
    'file' => '/home/wwwroot/pro.xiao360.com/application/api/model/Order.php',
    'line' => 1257,
  ),
  1 => 
  array (
    'file' => '/home/wwwroot/pro.xiao360.com/application/api/model/Order.php',
    'line' => 853,
  ),
  2 => 
  array (
    'file' => '/home/wwwroot/pro.xiao360.com/application/api/model/Order.php',
    'line' => 1339,
  ),
  3 => 
  array (
    'file' => '/home/wwwroot/pro.xiao360.com/application/api/controller/Orders.php',
    'line' => 277,
  ),
  4 => 
  array (
    'file' => '/home/wwwroot/pro.xiao360.com/thinkphp/library/think/App.php',
    'line' => 197,
  ),
  5 => 
  array (
    'file' => '/home/wwwroot/pro.xiao360.com/thinkphp/library/think/App.php',
    'line' => 411,
  ),
  6 => 
  array (
    'file' => '/home/wwwroot/pro.xiao360.com/thinkphp/library/think/App.php',
    'line' => 296,
  ),
  7 => 
  array (
    'file' => '/home/wwwroot/pro.xiao360.com/thinkphp/library/think/App.php',
    'line' => 124,
  ),
  8 => 
  array (
    'file' => '/home/wwwroot/pro.xiao360.com/thinkphp/start.php',
    'line' => 18,
  ),
  9 => 
  array (
    'file' => '/home/wwwroot/pro.xiao360.com/public/index.php',
    'line' => 21,
  ),
)
---------------------------------------------------------------
[ 2018-12-14T15:57:49+08:00 ] 192.168.10.10 192.168.10.1 DELETE /api/classes/86/students/457
[ error ] array (
  0 => 
  array (
    'file' => '/home/wwwroot/pro.xiao360.com/application/api/model/EmployeeStudent.php',
    'line' => 109,
  ),
  1 => 
  array (
    'file' => '/home/wwwroot/pro.xiao360.com/application/api/model/ClassStudent.php',
    'line' => 308,
  ),
  2 => 
  array (
    'file' => '/home/wwwroot/pro.xiao360.com/application/api/controller/Classes.php',
    'line' => 311,
  ),
  3 => 
  array (
    'file' => '/home/wwwroot/pro.xiao360.com/application/api/controller/Base.php',
    'line' => 235,
  ),
  4 => 
  array (
    'file' => '/home/wwwroot/pro.xiao360.com/application/api/controller/Base.php',
    'line' => 420,
  ),
  5 => 
  array (
    'file' => '/home/wwwroot/pro.xiao360.com/thinkphp/library/think/App.php',
    'line' => 197,
  ),
  6 => 
  array (
    'file' => '/home/wwwroot/pro.xiao360.com/thinkphp/library/think/App.php',
    'line' => 411,
  ),
  7 => 
  array (
    'file' => '/home/wwwroot/pro.xiao360.com/thinkphp/library/think/App.php',
    'line' => 296,
  ),
  8 => 
  array (
    'file' => '/home/wwwroot/pro.xiao360.com/thinkphp/library/think/App.php',
    'line' => 124,
  ),
  9 => 
  array (
    'file' => '/home/wwwroot/pro.xiao360.com/thinkphp/start.php',
    'line' => 18,
  ),
  10 => 
  array (
    'file' => '/home/wwwroot/pro.xiao360.com/public/index.php',
    'line' => 21,
  ),
)
---------------------------------------------------------------
[ 2018-12-14T18:39:26+08:00 ] 192.168.10.10 192.168.10.1 POST /api/students/436/doclose
[ error ] [0]致命错误: Class 'app\api\model\EmployeeStudnet' not found[/home/wwwroot/pro.xiao360.com/application/api/model/Student.php:1661]
