---------------------------------------------------------------
[ 2018-12-15T09:58:33+08:00 ] 192.168.10.10 192.168.10.1 GET /api/course_arranges/3853/attobjects
[ error ] array (
  0 => 
  array (
    'file' => '/home/wwwroot/pro.xiao360.com/thinkphp/library/think/db/Builder.php',
    'line' => 714,
  ),
  1 => 
  array (
    'file' => '/home/wwwroot/pro.xiao360.com/thinkphp/library/think/db/Query.php',
    'line' => 2076,
  ),
  2 => 
  array (
    'file' => '/home/wwwroot/pro.xiao360.com/thinkphp/library/think/Model.php',
    'line' => 1073,
  ),
  3 => 
  array (
    'file' => '/home/wwwroot/pro.xiao360.com/application/api/model/CourseArrange.php',
    'line' => 2881,
  ),
  4 => 
  array (
    'file' => '/home/wwwroot/pro.xiao360.com/application/api/model/CourseArrange.php',
    'line' => 2318,
  ),
  5 => 
  array (
    'file' => '/home/wwwroot/pro.xiao360.com/application/api/controller/CourseArranges.php',
    'line' => 1086,
  ),
  6 => 
  array (
    'file' => '/home/wwwroot/pro.xiao360.com/application/api/controller/Base.php',
    'line' => 228,
  ),
  7 => 
  array (
    'file' => '/home/wwwroot/pro.xiao360.com/application/api/controller/Base.php',
    'line' => 420,
  ),
  8 => 
  array (
    'file' => '/home/wwwroot/pro.xiao360.com/thinkphp/library/think/App.php',
    'line' => 197,
  ),
  9 => 
  array (
    'file' => '/home/wwwroot/pro.xiao360.com/thinkphp/library/think/App.php',
    'line' => 411,
  ),
  10 => 
  array (
    'file' => '/home/wwwroot/pro.xiao360.com/thinkphp/library/think/App.php',
    'line' => 296,
  ),
  11 => 
  array (
    'file' => '/home/wwwroot/pro.xiao360.com/thinkphp/library/think/App.php',
    'line' => 124,
  ),
  12 => 
  array (
    'file' => '/home/wwwroot/pro.xiao360.com/thinkphp/start.php',
    'line' => 18,
  ),
  13 => 
  array (
    'file' => '/home/wwwroot/pro.xiao360.com/public/index.php',
    'line' => 21,
  ),
)
---------------------------------------------------------------
[ 2018-12-15T09:58:46+08:00 ] 192.168.10.10 192.168.10.1 GET /api/course_arranges/3853/attobjects
[ error ] array (
  0 => 
  array (
    'file' => '/home/wwwroot/pro.xiao360.com/thinkphp/library/think/db/Builder.php',
    'line' => 714,
  ),
  1 => 
  array (
    'file' => '/home/wwwroot/pro.xiao360.com/thinkphp/library/think/db/Query.php',
    'line' => 2076,
  ),
  2 => 
  array (
    'file' => '/home/wwwroot/pro.xiao360.com/thinkphp/library/think/Model.php',
    'line' => 1073,
  ),
  3 => 
  array (
    'file' => '/home/wwwroot/pro.xiao360.com/application/api/model/CourseArrange.php',
    'line' => 2881,
  ),
  4 => 
  array (
    'file' => '/home/wwwroot/pro.xiao360.com/application/api/model/CourseArrange.php',
    'line' => 2318,
  ),
  5 => 
  array (
    'file' => '/home/wwwroot/pro.xiao360.com/application/api/controller/CourseArranges.php',
    'line' => 1086,
  ),
  6 => 
  array (
    'file' => '/home/wwwroot/pro.xiao360.com/application/api/controller/Base.php',
    'line' => 228,
  ),
  7 => 
  array (
    'file' => '/home/wwwroot/pro.xiao360.com/application/api/controller/Base.php',
    'line' => 420,
  ),
  8 => 
  array (
    'file' => '/home/wwwroot/pro.xiao360.com/thinkphp/library/think/App.php',
    'line' => 197,
  ),
  9 => 
  array (
    'file' => '/home/wwwroot/pro.xiao360.com/thinkphp/library/think/App.php',
    'line' => 411,
  ),
  10 => 
  array (
    'file' => '/home/wwwroot/pro.xiao360.com/thinkphp/library/think/App.php',
    'line' => 296,
  ),
  11 => 
  array (
    'file' => '/home/wwwroot/pro.xiao360.com/thinkphp/library/think/App.php',
    'line' => 124,
  ),
  12 => 
  array (
    'file' => '/home/wwwroot/pro.xiao360.com/thinkphp/start.php',
    'line' => 18,
  ),
  13 => 
  array (
    'file' => '/home/wwwroot/pro.xiao360.com/public/index.php',
    'line' => 21,
  ),
)
---------------------------------------------------------------
[ 2018-12-15T10:17:31+08:00 ] 192.168.10.10 192.168.10.1 POST /api/course_arranges/3854/regatts
[ error ] array (
  0 => 
  array (
    'file' => '/home/wwwroot/pro.xiao360.com/application/api/model/CourseArrange.php',
    'line' => 3407,
  ),
  1 => 
  array (
    'file' => '/home/wwwroot/pro.xiao360.com/application/api/model/CourseArrange.php',
    'line' => 3264,
  ),
  2 => 
  array (
    'file' => '/home/wwwroot/pro.xiao360.com/application/api/controller/CourseArranges.php',
    'line' => 1343,
  ),
  3 => 
  array (
    'file' => '/home/wwwroot/pro.xiao360.com/application/api/controller/Base.php',
    'line' => 235,
  ),
  4 => 
  array (
    'file' => '/home/wwwroot/pro.xiao360.com/application/api/controller/Base.php',
    'line' => 420,
  ),
  5 => 
  array (
    'file' => '/home/wwwroot/pro.xiao360.com/thinkphp/library/think/App.php',
    'line' => 197,
  ),
  6 => 
  array (
    'file' => '/home/wwwroot/pro.xiao360.com/thinkphp/library/think/App.php',
    'line' => 411,
  ),
  7 => 
  array (
    'file' => '/home/wwwroot/pro.xiao360.com/thinkphp/library/think/App.php',
    'line' => 296,
  ),
  8 => 
  array (
    'file' => '/home/wwwroot/pro.xiao360.com/thinkphp/library/think/App.php',
    'line' => 124,
  ),
  9 => 
  array (
    'file' => '/home/wwwroot/pro.xiao360.com/thinkphp/start.php',
    'line' => 18,
  ),
  10 => 
  array (
    'file' => '/home/wwwroot/pro.xiao360.com/public/index.php',
    'line' => 21,
  ),
)
---------------------------------------------------------------
[ 2018-12-15T10:17:34+08:00 ] 192.168.10.10 192.168.10.1 POST /api/course_arranges/3854/regatts
[ error ] array (
  0 => 
  array (
    'file' => '/home/wwwroot/pro.xiao360.com/application/api/model/CourseArrange.php',
    'line' => 3407,
  ),
  1 => 
  array (
    'file' => '/home/wwwroot/pro.xiao360.com/application/api/model/CourseArrange.php',
    'line' => 3264,
  ),
  2 => 
  array (
    'file' => '/home/wwwroot/pro.xiao360.com/application/api/controller/CourseArranges.php',
    'line' => 1343,
  ),
  3 => 
  array (
    'file' => '/home/wwwroot/pro.xiao360.com/application/api/controller/Base.php',
    'line' => 235,
  ),
  4 => 
  array (
    'file' => '/home/wwwroot/pro.xiao360.com/application/api/controller/Base.php',
    'line' => 420,
  ),
  5 => 
  array (
    'file' => '/home/wwwroot/pro.xiao360.com/thinkphp/library/think/App.php',
    'line' => 197,
  ),
  6 => 
  array (
    'file' => '/home/wwwroot/pro.xiao360.com/thinkphp/library/think/App.php',
    'line' => 411,
  ),
  7 => 
  array (
    'file' => '/home/wwwroot/pro.xiao360.com/thinkphp/library/think/App.php',
    'line' => 296,
  ),
  8 => 
  array (
    'file' => '/home/wwwroot/pro.xiao360.com/thinkphp/library/think/App.php',
    'line' => 124,
  ),
  9 => 
  array (
    'file' => '/home/wwwroot/pro.xiao360.com/thinkphp/start.php',
    'line' => 18,
  ),
  10 => 
  array (
    'file' => '/home/wwwroot/pro.xiao360.com/public/index.php',
    'line' => 21,
  ),
)
---------------------------------------------------------------
[ 2018-12-15T10:17:37+08:00 ] 192.168.10.10 192.168.10.1 POST /api/course_arranges/3854/regatts
[ error ] array (
  0 => 
  array (
    'file' => '/home/wwwroot/pro.xiao360.com/application/api/model/CourseArrange.php',
    'line' => 3407,
  ),
  1 => 
  array (
    'file' => '/home/wwwroot/pro.xiao360.com/application/api/model/CourseArrange.php',
    'line' => 3264,
  ),
  2 => 
  array (
    'file' => '/home/wwwroot/pro.xiao360.com/application/api/controller/CourseArranges.php',
    'line' => 1343,
  ),
  3 => 
  array (
    'file' => '/home/wwwroot/pro.xiao360.com/application/api/controller/Base.php',
    'line' => 235,
  ),
  4 => 
  array (
    'file' => '/home/wwwroot/pro.xiao360.com/application/api/controller/Base.php',
    'line' => 420,
  ),
  5 => 
  array (
    'file' => '/home/wwwroot/pro.xiao360.com/thinkphp/library/think/App.php',
    'line' => 197,
  ),
  6 => 
  array (
    'file' => '/home/wwwroot/pro.xiao360.com/thinkphp/library/think/App.php',
    'line' => 411,
  ),
  7 => 
  array (
    'file' => '/home/wwwroot/pro.xiao360.com/thinkphp/library/think/App.php',
    'line' => 296,
  ),
  8 => 
  array (
    'file' => '/home/wwwroot/pro.xiao360.com/thinkphp/library/think/App.php',
    'line' => 124,
  ),
  9 => 
  array (
    'file' => '/home/wwwroot/pro.xiao360.com/thinkphp/start.php',
    'line' => 18,
  ),
  10 => 
  array (
    'file' => '/home/wwwroot/pro.xiao360.com/public/index.php',
    'line' => 21,
  ),
)
---------------------------------------------------------------
[ 2018-12-15T10:17:40+08:00 ] 192.168.10.10 192.168.10.1 POST /api/course_arranges/3854/regatts
[ error ] array (
  0 => 
  array (
    'file' => '/home/wwwroot/pro.xiao360.com/application/api/model/CourseArrange.php',
    'line' => 3407,
  ),
  1 => 
  array (
    'file' => '/home/wwwroot/pro.xiao360.com/application/api/model/CourseArrange.php',
    'line' => 3264,
  ),
  2 => 
  array (
    'file' => '/home/wwwroot/pro.xiao360.com/application/api/controller/CourseArranges.php',
    'line' => 1343,
  ),
  3 => 
  array (
    'file' => '/home/wwwroot/pro.xiao360.com/application/api/controller/Base.php',
    'line' => 235,
  ),
  4 => 
  array (
    'file' => '/home/wwwroot/pro.xiao360.com/application/api/controller/Base.php',
    'line' => 420,
  ),
  5 => 
  array (
    'file' => '/home/wwwroot/pro.xiao360.com/thinkphp/library/think/App.php',
    'line' => 197,
  ),
  6 => 
  array (
    'file' => '/home/wwwroot/pro.xiao360.com/thinkphp/library/think/App.php',
    'line' => 411,
  ),
  7 => 
  array (
    'file' => '/home/wwwroot/pro.xiao360.com/thinkphp/library/think/App.php',
    'line' => 296,
  ),
  8 => 
  array (
    'file' => '/home/wwwroot/pro.xiao360.com/thinkphp/library/think/App.php',
    'line' => 124,
  ),
  9 => 
  array (
    'file' => '/home/wwwroot/pro.xiao360.com/thinkphp/start.php',
    'line' => 18,
  ),
  10 => 
  array (
    'file' => '/home/wwwroot/pro.xiao360.com/public/index.php',
    'line' => 21,
  ),
)
---------------------------------------------------------------
[ 2018-12-15T10:17:43+08:00 ] 192.168.10.10 192.168.10.1 POST /api/course_arranges/3854/regatts
[ error ] array (
  0 => 
  array (
    'file' => '/home/wwwroot/pro.xiao360.com/application/api/model/CourseArrange.php',
    'line' => 3407,
  ),
  1 => 
  array (
    'file' => '/home/wwwroot/pro.xiao360.com/application/api/model/CourseArrange.php',
    'line' => 3264,
  ),
  2 => 
  array (
    'file' => '/home/wwwroot/pro.xiao360.com/application/api/controller/CourseArranges.php',
    'line' => 1343,
  ),
  3 => 
  array (
    'file' => '/home/wwwroot/pro.xiao360.com/application/api/controller/Base.php',
    'line' => 235,
  ),
  4 => 
  array (
    'file' => '/home/wwwroot/pro.xiao360.com/application/api/controller/Base.php',
    'line' => 420,
  ),
  5 => 
  array (
    'file' => '/home/wwwroot/pro.xiao360.com/thinkphp/library/think/App.php',
    'line' => 197,
  ),
  6 => 
  array (
    'file' => '/home/wwwroot/pro.xiao360.com/thinkphp/library/think/App.php',
    'line' => 411,
  ),
  7 => 
  array (
    'file' => '/home/wwwroot/pro.xiao360.com/thinkphp/library/think/App.php',
    'line' => 296,
  ),
  8 => 
  array (
    'file' => '/home/wwwroot/pro.xiao360.com/thinkphp/library/think/App.php',
    'line' => 124,
  ),
  9 => 
  array (
    'file' => '/home/wwwroot/pro.xiao360.com/thinkphp/start.php',
    'line' => 18,
  ),
  10 => 
  array (
    'file' => '/home/wwwroot/pro.xiao360.com/public/index.php',
    'line' => 21,
  ),
)
---------------------------------------------------------------
[ 2018-12-15T10:17:46+08:00 ] 192.168.10.10 192.168.10.1 POST /api/course_arranges/3854/regatts
[ error ] array (
  0 => 
  array (
    'file' => '/home/wwwroot/pro.xiao360.com/application/api/model/CourseArrange.php',
    'line' => 3407,
  ),
  1 => 
  array (
    'file' => '/home/wwwroot/pro.xiao360.com/application/api/model/CourseArrange.php',
    'line' => 3264,
  ),
  2 => 
  array (
    'file' => '/home/wwwroot/pro.xiao360.com/application/api/controller/CourseArranges.php',
    'line' => 1343,
  ),
  3 => 
  array (
    'file' => '/home/wwwroot/pro.xiao360.com/application/api/controller/Base.php',
    'line' => 235,
  ),
  4 => 
  array (
    'file' => '/home/wwwroot/pro.xiao360.com/application/api/controller/Base.php',
    'line' => 420,
  ),
  5 => 
  array (
    'file' => '/home/wwwroot/pro.xiao360.com/thinkphp/library/think/App.php',
    'line' => 197,
  ),
  6 => 
  array (
    'file' => '/home/wwwroot/pro.xiao360.com/thinkphp/library/think/App.php',
    'line' => 411,
  ),
  7 => 
  array (
    'file' => '/home/wwwroot/pro.xiao360.com/thinkphp/library/think/App.php',
    'line' => 296,
  ),
  8 => 
  array (
    'file' => '/home/wwwroot/pro.xiao360.com/thinkphp/library/think/App.php',
    'line' => 124,
  ),
  9 => 
  array (
    'file' => '/home/wwwroot/pro.xiao360.com/thinkphp/start.php',
    'line' => 18,
  ),
  10 => 
  array (
    'file' => '/home/wwwroot/pro.xiao360.com/public/index.php',
    'line' => 21,
  ),
)
---------------------------------------------------------------
[ 2018-12-15T10:17:49+08:00 ] 192.168.10.10 192.168.10.1 POST /api/course_arranges/3854/regatts
[ error ] array (
  0 => 
  array (
    'file' => '/home/wwwroot/pro.xiao360.com/application/api/model/CourseArrange.php',
    'line' => 3407,
  ),
  1 => 
  array (
    'file' => '/home/wwwroot/pro.xiao360.com/application/api/model/CourseArrange.php',
    'line' => 3264,
  ),
  2 => 
  array (
    'file' => '/home/wwwroot/pro.xiao360.com/application/api/controller/CourseArranges.php',
    'line' => 1343,
  ),
  3 => 
  array (
    'file' => '/home/wwwroot/pro.xiao360.com/application/api/controller/Base.php',
    'line' => 235,
  ),
  4 => 
  array (
    'file' => '/home/wwwroot/pro.xiao360.com/application/api/controller/Base.php',
    'line' => 420,
  ),
  5 => 
  array (
    'file' => '/home/wwwroot/pro.xiao360.com/thinkphp/library/think/App.php',
    'line' => 197,
  ),
  6 => 
  array (
    'file' => '/home/wwwroot/pro.xiao360.com/thinkphp/library/think/App.php',
    'line' => 411,
  ),
  7 => 
  array (
    'file' => '/home/wwwroot/pro.xiao360.com/thinkphp/library/think/App.php',
    'line' => 296,
  ),
  8 => 
  array (
    'file' => '/home/wwwroot/pro.xiao360.com/thinkphp/library/think/App.php',
    'line' => 124,
  ),
  9 => 
  array (
    'file' => '/home/wwwroot/pro.xiao360.com/thinkphp/start.php',
    'line' => 18,
  ),
  10 => 
  array (
    'file' => '/home/wwwroot/pro.xiao360.com/public/index.php',
    'line' => 21,
  ),
)
---------------------------------------------------------------
[ 2018-12-15T10:17:56+08:00 ] 192.168.10.10 192.168.10.1 POST /api/course_arranges/3854/regatts
[ error ] array (
  0 => 
  array (
    'file' => '/home/wwwroot/pro.xiao360.com/application/api/model/CourseArrange.php',
    'line' => 3407,
  ),
  1 => 
  array (
    'file' => '/home/wwwroot/pro.xiao360.com/application/api/model/CourseArrange.php',
    'line' => 3264,
  ),
  2 => 
  array (
    'file' => '/home/wwwroot/pro.xiao360.com/application/api/controller/CourseArranges.php',
    'line' => 1343,
  ),
  3 => 
  array (
    'file' => '/home/wwwroot/pro.xiao360.com/application/api/controller/Base.php',
    'line' => 235,
  ),
  4 => 
  array (
    'file' => '/home/wwwroot/pro.xiao360.com/application/api/controller/Base.php',
    'line' => 420,
  ),
  5 => 
  array (
    'file' => '/home/wwwroot/pro.xiao360.com/thinkphp/library/think/App.php',
    'line' => 197,
  ),
  6 => 
  array (
    'file' => '/home/wwwroot/pro.xiao360.com/thinkphp/library/think/App.php',
    'line' => 411,
  ),
  7 => 
  array (
    'file' => '/home/wwwroot/pro.xiao360.com/thinkphp/library/think/App.php',
    'line' => 296,
  ),
  8 => 
  array (
    'file' => '/home/wwwroot/pro.xiao360.com/thinkphp/library/think/App.php',
    'line' => 124,
  ),
  9 => 
  array (
    'file' => '/home/wwwroot/pro.xiao360.com/thinkphp/start.php',
    'line' => 18,
  ),
  10 => 
  array (
    'file' => '/home/wwwroot/pro.xiao360.com/public/index.php',
    'line' => 21,
  ),
)
---------------------------------------------------------------
[ 2018-12-15T10:17:59+08:00 ] 192.168.10.10 192.168.10.1 POST /api/course_arranges/3854/regatts
[ error ] array (
  0 => 
  array (
    'file' => '/home/wwwroot/pro.xiao360.com/application/api/model/CourseArrange.php',
    'line' => 3407,
  ),
  1 => 
  array (
    'file' => '/home/wwwroot/pro.xiao360.com/application/api/model/CourseArrange.php',
    'line' => 3264,
  ),
  2 => 
  array (
    'file' => '/home/wwwroot/pro.xiao360.com/application/api/controller/CourseArranges.php',
    'line' => 1343,
  ),
  3 => 
  array (
    'file' => '/home/wwwroot/pro.xiao360.com/application/api/controller/Base.php',
    'line' => 235,
  ),
  4 => 
  array (
    'file' => '/home/wwwroot/pro.xiao360.com/application/api/controller/Base.php',
    'line' => 420,
  ),
  5 => 
  array (
    'file' => '/home/wwwroot/pro.xiao360.com/thinkphp/library/think/App.php',
    'line' => 197,
  ),
  6 => 
  array (
    'file' => '/home/wwwroot/pro.xiao360.com/thinkphp/library/think/App.php',
    'line' => 411,
  ),
  7 => 
  array (
    'file' => '/home/wwwroot/pro.xiao360.com/thinkphp/library/think/App.php',
    'line' => 296,
  ),
  8 => 
  array (
    'file' => '/home/wwwroot/pro.xiao360.com/thinkphp/library/think/App.php',
    'line' => 124,
  ),
  9 => 
  array (
    'file' => '/home/wwwroot/pro.xiao360.com/thinkphp/start.php',
    'line' => 18,
  ),
  10 => 
  array (
    'file' => '/home/wwwroot/pro.xiao360.com/public/index.php',
    'line' => 21,
  ),
)
---------------------------------------------------------------
[ 2018-12-15T10:18:03+08:00 ] 192.168.10.10 192.168.10.1 POST /api/course_arranges/3854/regatts
[ error ] array (
  0 => 
  array (
    'file' => '/home/wwwroot/pro.xiao360.com/application/api/model/CourseArrange.php',
    'line' => 3407,
  ),
  1 => 
  array (
    'file' => '/home/wwwroot/pro.xiao360.com/application/api/model/CourseArrange.php',
    'line' => 3264,
  ),
  2 => 
  array (
    'file' => '/home/wwwroot/pro.xiao360.com/application/api/controller/CourseArranges.php',
    'line' => 1343,
  ),
  3 => 
  array (
    'file' => '/home/wwwroot/pro.xiao360.com/application/api/controller/Base.php',
    'line' => 235,
  ),
  4 => 
  array (
    'file' => '/home/wwwroot/pro.xiao360.com/application/api/controller/Base.php',
    'line' => 420,
  ),
  5 => 
  array (
    'file' => '/home/wwwroot/pro.xiao360.com/thinkphp/library/think/App.php',
    'line' => 197,
  ),
  6 => 
  array (
    'file' => '/home/wwwroot/pro.xiao360.com/thinkphp/library/think/App.php',
    'line' => 411,
  ),
  7 => 
  array (
    'file' => '/home/wwwroot/pro.xiao360.com/thinkphp/library/think/App.php',
    'line' => 296,
  ),
  8 => 
  array (
    'file' => '/home/wwwroot/pro.xiao360.com/thinkphp/library/think/App.php',
    'line' => 124,
  ),
  9 => 
  array (
    'file' => '/home/wwwroot/pro.xiao360.com/thinkphp/start.php',
    'line' => 18,
  ),
  10 => 
  array (
    'file' => '/home/wwwroot/pro.xiao360.com/public/index.php',
    'line' => 21,
  ),
)
