---------------------------------------------------------------
[ 2018-12-26T10:12:49+08:00 ] 192.168.10.10 192.168.10.1 POST /api/orders/do_submit
[ info ] pro.x360.com/api/orders/do_submit [运行时间：0.398204s][吞吐率：2.51req/s] [内存消耗：1,668.92kb] [文件加载：127]
[ info ] [ DB ] INIT mysql
[ info ] [ LANG ] /home/wwwroot/pro.xiao360.com/thinkphp/lang/zh-cn.php
[ info ] [ ROUTE ] array (
  'type' => 'module',
  'module' => 
  array (
    0 => 'api',
    1 => 'orders',
    2 => 'do_submit',
  ),
)
[ info ] [ HEADER ] array (
  'host' => 'pro.x360.com',
  'connection' => 'close',
  'content-length' => '1644',
  'origin' => 'http://localhost:8868',
  'x-token' => 'a9a1564109bb570234429bd7602cd8e7',
  'x-client-time' => '1545790368',
  'user-agent' => 'Mozilla/5.0 (Windows NT 10.0; Win64; x64) AppleWebKit/537.36 (KHTML, like Gecko) Chrome/71.0.3578.98 Safari/537.36',
  'content-type' => 'application/json;charset=UTF-8',
  'accept' => 'application/json, text/plain, */*',
  'x-sub-host' => 'base',
  'x-bid' => '8',
  'x-requested-with' => 'XMLHttpRequest',
  'referer' => 'http://localhost:8868/',
  'accept-encoding' => 'gzip, deflate, br',
  'accept-language' => 'zh-CN,zh;q=0.9,en;q=0.8',
  'cookie' => 'PHPSESSID=8bhbgckk93i452bdqgnlq0576d',
)
[ info ] [ PARAM ] array (
  'order' => 
  array (
    'paid_time' => '2018-12-26',
    'balance_paid_amount' => '3000',
    'money_pay_amount' => '2000.00',
    'paid_amount' => 3000,
    'money_paid_amount' => '0.00',
    'order_amount' => 5000,
    '_lessons_amount' => 5000,
    '_article_amount' => 0,
    'origin_amount' => 5000,
    '_total_amount' => 5000,
    'order_discount_amount' => 0,
    'order_reduced_amount' => 0,
    'remark' => '',
    'items' => 
    array (
      0 => 
      array (
        'id' => 1,
        'lid' => 38,
        'gid' => 0,
        'pi_id' => 0,
        'item_name' => '舒青一对多（仅适用松园校区）',
        'name' => '舒青一对多（仅适用松园校区）',
        'gtype' => 0,
        'nums' => 5,
        'nums_unit' => 2,
        'expire_time' => '',
        '_discount_rate' => 100,
        'origin_price' => 1000,
        'price' => 1000,
        'origin_amount' => '5000.00',
        'discount_amount' => '0.00',
        'paid_amount' => 3000,
        'origin_lesson_times' => 0,
        'present_lesson_times' => 0,
        'lesson_times' => 0,
        'origin_lesson_hours' => 0,
        'present_lesson_hours' => 0,
        'lesson_hours' => 0,
        'subtotal' => 5000,
        'reduced_amount' => 0,
        'cid' => 0,
        'consume_type' => 1,
        'is_demo' => 0,
        'product_level_did' => 0,
        'sdc_id' => 0,
        '_class_name' => '',
        '_is_term' => 1,
        '_unit_lesson_hours' => '1.00',
        '_is_average' => false,
        '_share_own_amount' => '2000.00',
        '_amount_by_discount' => 5000,
        '_apply_debit_type' => 0,
        '_debit_reduced' => '0.00',
        '_debit_discount' => 100,
        '_debit_origin' => 0,
        '_debit_current' => 0,
        '_is_lock' => false,
        '_is_flex' => 0,
        '_data' => 
        array (
          'origin_price' => 1000,
          'origin_amount' => 1000,
          'nums' => 1,
        ),
        'oi_id' => '653',
      ),
    ),
    'payment' => 
    array (
      0 => 
      array (
        'aa_id' => 8,
        'name' => '现金',
        'is_public' => 0,
        'pay_amount' => '0.00',
        'type' => 0,
        'cp_id' => 0,
        'pay_status' => true,
        'mode' => 0,
      ),
    ),
    'is_demo' => 0,
    'sdc_id' => 51,
    '_dropdown_account' => 
    array (
      0 => 
      array (
        'aa_id' => 2,
        'name' => '转账',
        'is_public' => 1,
        'pay_amount' => 0,
        'type' => 1,
        'cp_id' => 0,
        'pay_status' => true,
        'mode' => 1,
      ),
    ),
    '_pre_stored_amount' => 0,
    '_owe_payment_amount' => 2000,
    '_is_owe' => 1,
    'is_submit' => 1,
    '_submit' => 1,
    'user_contract_no' => '',
    'user_receipt_no' => '',
    'oid' => 479,
  ),
  'is_push' => false,
)
[ info ] [ CACHE ] INIT Redis
[ info ] [ DB ] INIT mysql
[ info ] [ RUN ] app\api\controller\Orders->do_submit[ /home/wwwroot/pro.xiao360.com/application/api/controller/Orders.php ]
[ sql ] [ DB ] CONNECT:[ UseTime:0.002899s ] mysql:host=192.168.0.157;dbname=x360p_center;charset=utf8mb4
[ sql ] [ SQL ] SHOW COLUMNS FROM `pro_client` [ RunTime:0.010378s ]
[ sql ] [ SQL ] SELECT * FROM `pro_client` WHERE  `host` = 'base'  AND `delete_time` IS NULL LIMIT 1 [ RunTime:0.000963s ]
[ sql ] [ SQL ] SHOW COLUMNS FROM `pro_database_config` [ RunTime:0.007835s ]
[ sql ] [ SQL ] SELECT * FROM `pro_database_config` WHERE  `cid` = 1 LIMIT 1 [ RunTime:0.000671s ]
---------------------------------------------------------------
[ 2018-12-26T11:17:54+08:00 ] 192.168.10.10 192.168.10.1 POST /api/orders/do_supplement
[ info ] pro.x360.com/api/orders/do_supplement [运行时间：0.931003s][吞吐率：1.07req/s] [内存消耗：1,610.34kb] [文件加载：135]
[ info ] [ DB ] INIT mysql
[ info ] [ LANG ] /home/wwwroot/pro.xiao360.com/thinkphp/lang/zh-cn.php
[ info ] [ ROUTE ] array (
  'type' => 'module',
  'module' => 
  array (
    0 => 'api',
    1 => 'orders',
    2 => 'do_supplement',
  ),
)
[ info ] [ HEADER ] array (
  'host' => 'pro.x360.com',
  'connection' => 'close',
  'content-length' => '400',
  'origin' => 'http://localhost:8868',
  'x-token' => 'a9a1564109bb570234429bd7602cd8e7',
  'x-client-time' => '1545794273',
  'user-agent' => 'Mozilla/5.0 (Windows NT 10.0; Win64; x64) AppleWebKit/537.36 (KHTML, like Gecko) Chrome/71.0.3578.98 Safari/537.36',
  'content-type' => 'application/json;charset=UTF-8',
  'accept' => 'application/json, text/plain, */*',
  'x-sub-host' => 'base',
  'x-bid' => '8',
  'x-requested-with' => 'XMLHttpRequest',
  'referer' => 'http://localhost:8868/',
  'accept-encoding' => 'gzip, deflate, br',
  'accept-language' => 'zh-CN,zh;q=0.9,en;q=0.8',
  'cookie' => 'PHPSESSID=8bhbgckk93i452bdqgnlq0576d',
)
[ info ] [ PARAM ] array (
  'sid' => 462,
  'items' => 
  array (
    0 => 
    array (
      'item_name' => '舒青一对多（仅适用松园校区）',
      'oi_id' => 653,
      'sdc_id' => 0,
      'oid' => 479,
      'order_no' => '2018122603569',
      'paid_time' => '2018-12-26',
      'gtype' => 0,
      'subtotal' => '5000.00',
      '_own_share_amount' => 1000,
      'paid_amount' => 1000,
      'balance_paid_amount' => 1000,
      'money_paid_amount' => 0,
      'name' => '舒青一对多（仅适用松园校区）',
      'cid' => 0,
      'first' => true,
      'line' => 'odd',
    ),
  ),
  'remark' => '',
  'payment' => 
  array (
  ),
)
[ info ] [ CACHE ] INIT Redis
[ info ] [ DB ] INIT mysql
[ info ] [ RUN ] app\api\controller\Orders->do_supplement[ /home/wwwroot/pro.xiao360.com/application/api/controller/Orders.php ]
[ sql ] [ DB ] CONNECT:[ UseTime:0.001501s ] mysql:host=192.168.0.157;dbname=x360p_center;charset=utf8mb4
[ sql ] [ SQL ] SHOW COLUMNS FROM `pro_client` [ RunTime:0.019444s ]
[ sql ] [ SQL ] SELECT * FROM `pro_client` WHERE  `host` = 'base'  AND `delete_time` IS NULL LIMIT 1 [ RunTime:0.001365s ]
[ sql ] [ SQL ] SHOW COLUMNS FROM `pro_database_config` [ RunTime:0.011463s ]
[ sql ] [ SQL ] SELECT * FROM `pro_database_config` WHERE  `cid` = 1 LIMIT 1 [ RunTime:0.004774s ]
---------------------------------------------------------------
[ 2018-12-26T11:24:02+08:00 ] 192.168.10.10 192.168.10.1 POST /api/orders/do_supplement
[ info ] pro.x360.com/api/orders/do_supplement [运行时间：0.341181s][吞吐率：2.93req/s] [内存消耗：1,580.65kb] [文件加载：134]
[ info ] [ DB ] INIT mysql
[ info ] [ LANG ] /home/wwwroot/pro.xiao360.com/thinkphp/lang/zh-cn.php
[ info ] [ ROUTE ] array (
  'type' => 'module',
  'module' => 
  array (
    0 => 'api',
    1 => 'orders',
    2 => 'do_supplement',
  ),
)
[ info ] [ HEADER ] array (
  'host' => 'pro.x360.com',
  'connection' => 'close',
  'content-length' => '400',
  'origin' => 'http://localhost:8868',
  'x-token' => 'a9a1564109bb570234429bd7602cd8e7',
  'x-client-time' => '1545794642',
  'user-agent' => 'Mozilla/5.0 (Windows NT 10.0; Win64; x64) AppleWebKit/537.36 (KHTML, like Gecko) Chrome/71.0.3578.98 Safari/537.36',
  'content-type' => 'application/json;charset=UTF-8',
  'accept' => 'application/json, text/plain, */*',
  'x-sub-host' => 'base',
  'x-bid' => '8',
  'x-requested-with' => 'XMLHttpRequest',
  'referer' => 'http://localhost:8868/',
  'accept-encoding' => 'gzip, deflate, br',
  'accept-language' => 'zh-CN,zh;q=0.9,en;q=0.8',
  'cookie' => 'PHPSESSID=8bhbgckk93i452bdqgnlq0576d',
)
[ info ] [ PARAM ] array (
  'sid' => 462,
  'items' => 
  array (
    0 => 
    array (
      'item_name' => '舒青一对一（仅适用松园校区）',
      'oi_id' => 655,
      'sdc_id' => 0,
      'oid' => 481,
      'order_no' => '2018122607475',
      'paid_time' => '2018-12-26',
      'gtype' => 0,
      'subtotal' => '5000.00',
      '_own_share_amount' => 2000,
      'paid_amount' => 2000,
      'balance_paid_amount' => 2000,
      'money_paid_amount' => 0,
      'name' => '舒青一对一（仅适用松园校区）',
      'cid' => 0,
      'first' => true,
      'line' => 'odd',
    ),
  ),
  'remark' => '',
  'payment' => 
  array (
  ),
)
[ info ] [ CACHE ] INIT Redis
[ info ] [ DB ] INIT mysql
[ info ] [ RUN ] app\api\controller\Orders->do_supplement[ /home/wwwroot/pro.xiao360.com/application/api/controller/Orders.php ]
[ sql ] [ DB ] CONNECT:[ UseTime:0.000894s ] mysql:host=192.168.0.157;dbname=x360p_center;charset=utf8mb4
[ sql ] [ SQL ] SHOW COLUMNS FROM `pro_client` [ RunTime:0.012017s ]
[ sql ] [ SQL ] SELECT * FROM `pro_client` WHERE  `host` = 'base'  AND `delete_time` IS NULL LIMIT 1 [ RunTime:0.001063s ]
[ sql ] [ SQL ] SHOW COLUMNS FROM `pro_database_config` [ RunTime:0.008037s ]
[ sql ] [ SQL ] SELECT * FROM `pro_database_config` WHERE  `cid` = 1 LIMIT 1 [ RunTime:0.000938s ]
