---------------------------------------------------------------
[ 2018-11-01T11:26:45+08:00 ] 192.168.10.10 192.168.10.1 GET /api/report_branch_performance_summarys/90?type=lesson_amount&start_date=2018-09-01&end_date=2018-09-30&page=1&pagesize=10
[ error ] [0]Malformed UTF-8 characters, possibly incorrectly encoded[/home/wwwroot/pro.xiao360.com/thinkphp/library/think/response/Json.php:39]
---------------------------------------------------------------
[ 2018-11-01T11:27:20+08:00 ] 192.168.10.10 192.168.10.1 GET /api/report_branch_performance_summarys/90?type=lesson_amount&start_date=2018-09-01&end_date=2018-09-30&page=1&pagesize=10
[ error ] [0]Malformed UTF-8 characters, possibly incorrectly encoded[/home/wwwroot/pro.xiao360.com/thinkphp/library/think/response/Json.php:39]
---------------------------------------------------------------
[ 2018-11-01T12:15:07+08:00 ] 192.168.10.10 192.168.10.1 POST /api/orders/do_submit
[ error ] array (
  0 => 
  array (
    'file' => '/home/wwwroot/pro.xiao360.com/application/api/model/Order.php',
    'line' => 1412,
  ),
  1 => 
  array (
    'file' => '/home/wwwroot/pro.xiao360.com/application/api/model/Order.php',
    'line' => 836,
  ),
  2 => 
  array (
    'file' => '/home/wwwroot/pro.xiao360.com/application/api/model/Order.php',
    'line' => 1308,
  ),
  3 => 
  array (
    'file' => '/home/wwwroot/pro.xiao360.com/application/api/controller/Orders.php',
    'line' => 277,
  ),
  4 => 
  array (
    'file' => '/home/wwwroot/pro.xiao360.com/thinkphp/library/think/App.php',
    'line' => 197,
  ),
  5 => 
  array (
    'file' => '/home/wwwroot/pro.xiao360.com/thinkphp/library/think/App.php',
    'line' => 411,
  ),
  6 => 
  array (
    'file' => '/home/wwwroot/pro.xiao360.com/thinkphp/library/think/App.php',
    'line' => 296,
  ),
  7 => 
  array (
    'file' => '/home/wwwroot/pro.xiao360.com/thinkphp/library/think/App.php',
    'line' => 124,
  ),
  8 => 
  array (
    'file' => '/home/wwwroot/pro.xiao360.com/thinkphp/start.php',
    'line' => 18,
  ),
  9 => 
  array (
    'file' => '/home/wwwroot/pro.xiao360.com/public/index.php',
    'line' => 21,
  ),
)
---------------------------------------------------------------
[ 2018-11-01T12:15:15+08:00 ] 192.168.10.10 192.168.10.1 POST /api/orders/do_submit
[ error ] array (
  0 => 
  array (
    'file' => '/home/wwwroot/pro.xiao360.com/application/api/model/Order.php',
    'line' => 1412,
  ),
  1 => 
  array (
    'file' => '/home/wwwroot/pro.xiao360.com/application/api/model/Order.php',
    'line' => 836,
  ),
  2 => 
  array (
    'file' => '/home/wwwroot/pro.xiao360.com/application/api/model/Order.php',
    'line' => 1308,
  ),
  3 => 
  array (
    'file' => '/home/wwwroot/pro.xiao360.com/application/api/controller/Orders.php',
    'line' => 277,
  ),
  4 => 
  array (
    'file' => '/home/wwwroot/pro.xiao360.com/thinkphp/library/think/App.php',
    'line' => 197,
  ),
  5 => 
  array (
    'file' => '/home/wwwroot/pro.xiao360.com/thinkphp/library/think/App.php',
    'line' => 411,
  ),
  6 => 
  array (
    'file' => '/home/wwwroot/pro.xiao360.com/thinkphp/library/think/App.php',
    'line' => 296,
  ),
  7 => 
  array (
    'file' => '/home/wwwroot/pro.xiao360.com/thinkphp/library/think/App.php',
    'line' => 124,
  ),
  8 => 
  array (
    'file' => '/home/wwwroot/pro.xiao360.com/thinkphp/start.php',
    'line' => 18,
  ),
  9 => 
  array (
    'file' => '/home/wwwroot/pro.xiao360.com/public/index.php',
    'line' => 21,
  ),
)
---------------------------------------------------------------
[ 2018-11-01T12:15:43+08:00 ] 192.168.10.10 192.168.10.1 POST /api/orders/do_submit
[ error ] [0]致命错误: Call to a member function save() on array[/home/wwwroot/pro.xiao360.com/application/api/model/Order.php:1413]
---------------------------------------------------------------
[ 2018-11-01T12:18:37+08:00 ] 192.168.10.10 192.168.10.1 GET /api/orders?order_from=0&page=1&pagesize=10&is_demo=0
[ error ] [0]语法解析错误: syntax error, unexpected '->' (T_OBJECT_OPERATOR)[/home/wwwroot/pro.xiao360.com/application/api/model/Order.php:1415]
---------------------------------------------------------------
[ 2018-11-01T12:18:41+08:00 ] 192.168.10.10 192.168.10.1 GET /api/orders?order_from=0&page=1&pagesize=10&is_demo=0
[ error ] [0]语法解析错误: syntax error, unexpected '->' (T_OBJECT_OPERATOR)[/home/wwwroot/pro.xiao360.com/application/api/model/Order.php:1415]
---------------------------------------------------------------
[ 2018-11-01T14:27:45+08:00 ] 192.168.10.10 192.168.10.1 POST /api/students
[ error ] http://210994a0.all123.net:8080/neza/user/registerUser
[ error ] 0
[ error ] callback fail, error: Failed to connect to 210994a0.all123.net port 8080: Connection timed out
---------------------------------------------------------------
[ 2018-11-01T14:38:08+08:00 ] 192.168.10.10 192.168.10.1 POST /api/students
[ error ] http://210994a0.all123.net:8080/neza/user/registerUser
[ error ] 0
[ error ] callback fail, error: Failed to connect to 210994a0.all123.net port 8080: Connection timed out
---------------------------------------------------------------
[ 2018-11-01T15:13:31+08:00 ] 192.168.10.10 192.168.10.1 GET /api/report_employee_lesson_hours?page=1&pagesize=10&start_date=2018-09-01&end_date=2018-09-30
[ error ] [0]语法解析错误: syntax error, unexpected '='[/home/wwwroot/pro.xiao360.com/application/api/controller/ReportEmployeeLessonHours.php:30]
---------------------------------------------------------------
[ 2018-11-01T16:27:34+08:00 ] 192.168.10.10 192.168.10.1 POST /api/students
[ error ] http://210994a0.all123.net:8080/neza/user/registerUser
[ error ] 0
[ error ] callback fail, error: Failed to connect to 210994a0.all123.net port 8080: Connection timed out
