---------------------------------------------------------------
[ 2018-09-21T09:40:44+08:00 ] 192.168.10.10 192.168.10.1 GET /api/class_attendances?page=1&pagesize=10&with=cls%2Ccourse_arrange&is_demo=0
[ error ] [0]语法解析错误: syntax error, unexpected '[', expecting ',' or ')'[/home/wwwroot/pro.xiao360.com/application/api/controller/ClassAttendances.php:28]
---------------------------------------------------------------
[ 2018-09-21T09:41:38+08:00 ] 192.168.10.10 192.168.10.1 GET /api/class_attendances?page=1&pagesize=10&with=cls%2Ccourse_arrange&is_demo=0
[ error ] [0]语法解析错误: syntax error, unexpected '[', expecting ',' or ')'[/home/wwwroot/pro.xiao360.com/application/api/controller/ClassAttendances.php:28]
---------------------------------------------------------------
[ 2018-09-21T09:41:42+08:00 ] 192.168.10.10 192.168.10.1 GET /api/class_attendances?page=1&pagesize=10&with=cls%2Ccourse_arrange&is_demo=0&eid=10001
[ error ] [0]语法解析错误: syntax error, unexpected '[', expecting ',' or ')'[/home/wwwroot/pro.xiao360.com/application/api/controller/ClassAttendances.php:28]
---------------------------------------------------------------
[ 2018-09-21T09:42:22+08:00 ] 192.168.10.10 192.168.10.1 GET /api/class_attendances?page=1&pagesize=10&with=cls%2Ccourse_arrange&is_demo=0&eid=10001
[ error ] [0]语法解析错误: syntax error, unexpected '}', expecting ',' or ')'[/home/wwwroot/pro.xiao360.com/application/api/controller/ClassAttendances.php:33]
---------------------------------------------------------------
[ 2018-09-21T09:43:01+08:00 ] 192.168.10.10 192.168.10.1 GET /api/class_attendances?page=1&pagesize=10&with=cls%2Ccourse_arrange&is_demo=0&eid=10001
[ error ] [0]语法解析错误: syntax error, unexpected '}', expecting ',' or ')'[/home/wwwroot/pro.xiao360.com/application/api/controller/ClassAttendances.php:33]
---------------------------------------------------------------
[ 2018-09-21T09:43:17+08:00 ] 192.168.10.10 192.168.10.1 GET /api/class_attendances?page=1&pagesize=10&with=cls%2Ccourse_arrange&is_demo=0&eid=10001
[ error ] [0]语法解析错误: syntax error, unexpected ')', expecting '{'[/home/wwwroot/pro.xiao360.com/application/api/controller/ClassAttendances.php:28]
---------------------------------------------------------------
[ 2018-09-21T09:44:17+08:00 ] 192.168.10.10 192.168.10.1 GET /api/class_attendances?page=1&pagesize=10&with=cls%2Ccourse_arrange&is_demo=0&eid=10001
[ error ] [8]未定义变量: where[/home/wwwroot/pro.xiao360.com/application/api/controller/ClassAttendances.php:36]
---------------------------------------------------------------
[ 2018-09-21T10:33:18+08:00 ] 192.168.10.10 192.168.10.1 GET /api/course_arranges?page=1&pagesize=10&with=one_class%2Cstudents&lesson_type=%5BIn%2C0%2C1%2C2%5D&is_cancel=%5Bin%2C0%2C1%5D&is_demo=0
[ error ] [0]致命错误: Call to undefined function app\api\model\array_intval()[/home/wwwroot/pro.xiao360.com/application/api/model/CourseArrange.php:60]
---------------------------------------------------------------
[ 2018-09-21T10:33:18+08:00 ] 192.168.10.10 192.168.10.1 GET /api/course_arranges?page=1&pagesize=10000&int_day=%5Bbetween%2C20180917%2C20180923%5D&with=one_class%2Cstudents
[ error ] [0]致命错误: Call to undefined function app\api\model\array_intval()[/home/wwwroot/pro.xiao360.com/application/api/model/CourseArrange.php:60]
---------------------------------------------------------------
[ 2018-09-21T10:33:20+08:00 ] 192.168.10.10 192.168.10.1 GET /api/course_arranges?int_day=%5Bbetween%2C20180917%2C20180923%5D&pagesize=10000&with=one_class%2Cstudents
[ error ] [0]致命错误: Call to undefined function app\api\model\array_intval()[/home/wwwroot/pro.xiao360.com/application/api/model/CourseArrange.php:60]
---------------------------------------------------------------
[ 2018-09-21T10:33:31+08:00 ] 192.168.10.10 192.168.10.1 GET /api/course_arranges?page=1&pagesize=10&with=one_class%2Cstudents&lesson_type=%5BIn%2C0%2C1%2C2%5D&is_cancel=%5Bin%2C0%2C1%5D&is_demo=0
[ error ] [0]致命错误: Call to undefined function app\api\model\array_intval()[/home/wwwroot/pro.xiao360.com/application/api/model/CourseArrange.php:60]
---------------------------------------------------------------
[ 2018-09-21T11:40:41+08:00 ] 192.168.10.10 192.168.10.1 POST /api/orders/do_refund
[ error ] [0]语法解析错误: syntax error, unexpected ';', expecting ']'[/home/wwwroot/pro.xiao360.com/application/api/model/OrderRefund.php:266]
---------------------------------------------------------------
[ 2018-09-21T11:40:48+08:00 ] 192.168.10.10 192.168.10.1 POST /api/orders/do_refund
[ error ] [0]语法解析错误: syntax error, unexpected ';', expecting ']'[/home/wwwroot/pro.xiao360.com/application/api/model/OrderRefund.php:266]
---------------------------------------------------------------
[ 2018-09-21T12:04:58+08:00 ] 192.168.10.10 192.168.10.1 POST /api/students
[ error ] [8]未定义数组索引: is_student_limit[/home/wwwroot/pro.xiao360.com/application/helper.php:212]
---------------------------------------------------------------
[ 2018-09-21T12:05:06+08:00 ] 192.168.10.10 192.168.10.1 POST /api/students
[ error ] [8]未定义数组索引: is_student_limit[/home/wwwroot/pro.xiao360.com/application/helper.php:212]
---------------------------------------------------------------
[ 2018-09-21T14:41:59+08:00 ] 192.168.10.10 192.168.10.1 POST /api/student_lesson_hours
[ error ] array (
  0 => 
  array (
    'file' => '/home/wwwroot/pro.xiao360.com/application/api/model/StudentLessonHour.php',
    'line' => 45,
  ),
  1 => 
  array (
    'file' => '/home/wwwroot/pro.xiao360.com/thinkphp/library/think/Model.php',
    'line' => 357,
  ),
  2 => 
  array (
    'file' => '/home/wwwroot/pro.xiao360.com/thinkphp/library/think/Model.php',
    'line' => 948,
  ),
  3 => 
  array (
    'file' => '/home/wwwroot/pro.xiao360.com/application/api/model/StudentLessonHour.php',
    'line' => 524,
  ),
  4 => 
  array (
    'file' => '/home/wwwroot/pro.xiao360.com/application/api/model/StudentLessonHour.php',
    'line' => 205,
  ),
  5 => 
  array (
    'file' => '/home/wwwroot/pro.xiao360.com/application/api/controller/StudentLessonHours.php',
    'line' => 50,
  ),
  6 => 
  array (
    'file' => '/home/wwwroot/pro.xiao360.com/application/api/controller/Base.php',
    'line' => 193,
  ),
  7 => 
  array (
    'file' => '/home/wwwroot/pro.xiao360.com/application/api/controller/Base.php',
    'line' => 367,
  ),
  8 => 
  array (
    'file' => '/home/wwwroot/pro.xiao360.com/thinkphp/library/think/App.php',
    'line' => 197,
  ),
  9 => 
  array (
    'file' => '/home/wwwroot/pro.xiao360.com/thinkphp/library/think/App.php',
    'line' => 411,
  ),
  10 => 
  array (
    'file' => '/home/wwwroot/pro.xiao360.com/thinkphp/library/think/App.php',
    'line' => 296,
  ),
  11 => 
  array (
    'file' => '/home/wwwroot/pro.xiao360.com/thinkphp/library/think/App.php',
    'line' => 124,
  ),
  12 => 
  array (
    'file' => '/home/wwwroot/pro.xiao360.com/thinkphp/start.php',
    'line' => 18,
  ),
  13 => 
  array (
    'file' => '/home/wwwroot/pro.xiao360.com/public/index.php',
    'line' => 21,
  ),
)
---------------------------------------------------------------
[ 2018-09-21T14:42:05+08:00 ] 192.168.10.10 192.168.10.1 POST /api/student_lesson_hours
[ error ] array (
  0 => 
  array (
    'file' => '/home/wwwroot/pro.xiao360.com/application/api/model/StudentLessonHour.php',
    'line' => 45,
  ),
  1 => 
  array (
    'file' => '/home/wwwroot/pro.xiao360.com/thinkphp/library/think/Model.php',
    'line' => 357,
  ),
  2 => 
  array (
    'file' => '/home/wwwroot/pro.xiao360.com/thinkphp/library/think/Model.php',
    'line' => 948,
  ),
  3 => 
  array (
    'file' => '/home/wwwroot/pro.xiao360.com/application/api/model/StudentLessonHour.php',
    'line' => 524,
  ),
  4 => 
  array (
    'file' => '/home/wwwroot/pro.xiao360.com/application/api/model/StudentLessonHour.php',
    'line' => 205,
  ),
  5 => 
  array (
    'file' => '/home/wwwroot/pro.xiao360.com/application/api/controller/StudentLessonHours.php',
    'line' => 50,
  ),
  6 => 
  array (
    'file' => '/home/wwwroot/pro.xiao360.com/application/api/controller/Base.php',
    'line' => 193,
  ),
  7 => 
  array (
    'file' => '/home/wwwroot/pro.xiao360.com/application/api/controller/Base.php',
    'line' => 367,
  ),
  8 => 
  array (
    'file' => '/home/wwwroot/pro.xiao360.com/thinkphp/library/think/App.php',
    'line' => 197,
  ),
  9 => 
  array (
    'file' => '/home/wwwroot/pro.xiao360.com/thinkphp/library/think/App.php',
    'line' => 411,
  ),
  10 => 
  array (
    'file' => '/home/wwwroot/pro.xiao360.com/thinkphp/library/think/App.php',
    'line' => 296,
  ),
  11 => 
  array (
    'file' => '/home/wwwroot/pro.xiao360.com/thinkphp/library/think/App.php',
    'line' => 124,
  ),
  12 => 
  array (
    'file' => '/home/wwwroot/pro.xiao360.com/thinkphp/start.php',
    'line' => 18,
  ),
  13 => 
  array (
    'file' => '/home/wwwroot/pro.xiao360.com/public/index.php',
    'line' => 21,
  ),
)
---------------------------------------------------------------
[ 2018-09-21T14:43:48+08:00 ] 192.168.10.10 192.168.10.1 POST /api/student_lesson_hours
[ error ] array (
  0 => 
  array (
    'file' => '/home/wwwroot/pro.xiao360.com/application/api/model/StudentLessonHour.php',
    'line' => 509,
  ),
  1 => 
  array (
    'file' => '/home/wwwroot/pro.xiao360.com/application/api/model/StudentLessonHour.php',
    'line' => 205,
  ),
  2 => 
  array (
    'file' => '/home/wwwroot/pro.xiao360.com/application/api/controller/StudentLessonHours.php',
    'line' => 50,
  ),
  3 => 
  array (
    'file' => '/home/wwwroot/pro.xiao360.com/application/api/controller/Base.php',
    'line' => 193,
  ),
  4 => 
  array (
    'file' => '/home/wwwroot/pro.xiao360.com/application/api/controller/Base.php',
    'line' => 367,
  ),
  5 => 
  array (
    'file' => '/home/wwwroot/pro.xiao360.com/thinkphp/library/think/App.php',
    'line' => 197,
  ),
  6 => 
  array (
    'file' => '/home/wwwroot/pro.xiao360.com/thinkphp/library/think/App.php',
    'line' => 411,
  ),
  7 => 
  array (
    'file' => '/home/wwwroot/pro.xiao360.com/thinkphp/library/think/App.php',
    'line' => 296,
  ),
  8 => 
  array (
    'file' => '/home/wwwroot/pro.xiao360.com/thinkphp/library/think/App.php',
    'line' => 124,
  ),
  9 => 
  array (
    'file' => '/home/wwwroot/pro.xiao360.com/thinkphp/start.php',
    'line' => 18,
  ),
  10 => 
  array (
    'file' => '/home/wwwroot/pro.xiao360.com/public/index.php',
    'line' => 21,
  ),
)
---------------------------------------------------------------
[ 2018-09-21T14:51:27+08:00 ] 192.168.10.10 192.168.10.1 POST /api/student_lesson_hours
[ error ] [0]语法解析错误: syntax error, unexpected '$cinfo' (T_VARIABLE), expecting ',' or ')'[/home/wwwroot/pro.xiao360.com/application/api/model/StudentLessonHour.php:509]
---------------------------------------------------------------
[ 2018-09-21T16:53:42+08:00 ] 192.168.10.10 192.168.10.1 POST /api/course_arranges/3547/regatts
[ error ] array (
  0 => 
  array (
    'file' => '/home/wwwroot/pro.xiao360.com/application/api/model/ClassAttendance.php',
    'line' => 81,
  ),
  1 => 
  array (
    'file' => '/home/wwwroot/pro.xiao360.com/thinkphp/library/think/Model.php',
    'line' => 357,
  ),
  2 => 
  array (
    'file' => '/home/wwwroot/pro.xiao360.com/thinkphp/library/think/Model.php',
    'line' => 948,
  ),
  3 => 
  array (
    'file' => '/home/wwwroot/pro.xiao360.com/application/api/model/ClassAttendance.php',
    'line' => 326,
  ),
  4 => 
  array (
    'file' => '/home/wwwroot/pro.xiao360.com/application/api/model/CourseArrange.php',
    'line' => 3225,
  ),
  5 => 
  array (
    'file' => '/home/wwwroot/pro.xiao360.com/application/api/model/CourseArrange.php',
    'line' => 3254,
  ),
  6 => 
  array (
    'file' => '/home/wwwroot/pro.xiao360.com/application/api/model/CourseArrange.php',
    'line' => 3160,
  ),
  7 => 
  array (
    'file' => '/home/wwwroot/pro.xiao360.com/application/api/controller/CourseArranges.php',
    'line' => 890,
  ),
  8 => 
  array (
    'file' => '/home/wwwroot/pro.xiao360.com/application/api/controller/Base.php',
    'line' => 235,
  ),
  9 => 
  array (
    'file' => '/home/wwwroot/pro.xiao360.com/application/api/controller/Base.php',
    'line' => 418,
  ),
  10 => 
  array (
    'file' => '/home/wwwroot/pro.xiao360.com/thinkphp/library/think/App.php',
    'line' => 197,
  ),
  11 => 
  array (
    'file' => '/home/wwwroot/pro.xiao360.com/thinkphp/library/think/App.php',
    'line' => 411,
  ),
  12 => 
  array (
    'file' => '/home/wwwroot/pro.xiao360.com/thinkphp/library/think/App.php',
    'line' => 296,
  ),
  13 => 
  array (
    'file' => '/home/wwwroot/pro.xiao360.com/thinkphp/library/think/App.php',
    'line' => 124,
  ),
  14 => 
  array (
    'file' => '/home/wwwroot/pro.xiao360.com/thinkphp/start.php',
    'line' => 18,
  ),
  15 => 
  array (
    'file' => '/home/wwwroot/pro.xiao360.com/public/index.php',
    'line' => 21,
  ),
)
---------------------------------------------------------------
[ 2018-09-21T17:05:16+08:00 ] 192.168.10.10 192.168.10.1 POST /api/course_arranges/3547/regatts
[ error ] array (
  0 => 
  array (
    'file' => '/home/wwwroot/pro.xiao360.com/application/api/model/ClassAttendance.php',
    'line' => 620,
  ),
  1 => 
  array (
    'file' => '/home/wwwroot/pro.xiao360.com/application/api/model/CourseArrange.php',
    'line' => 3301,
  ),
  2 => 
  array (
    'file' => '/home/wwwroot/pro.xiao360.com/application/api/model/CourseArrange.php',
    'line' => 3155,
  ),
  3 => 
  array (
    'file' => '/home/wwwroot/pro.xiao360.com/application/api/controller/CourseArranges.php',
    'line' => 887,
  ),
  4 => 
  array (
    'file' => '/home/wwwroot/pro.xiao360.com/application/api/controller/Base.php',
    'line' => 235,
  ),
  5 => 
  array (
    'file' => '/home/wwwroot/pro.xiao360.com/application/api/controller/Base.php',
    'line' => 418,
  ),
  6 => 
  array (
    'file' => '/home/wwwroot/pro.xiao360.com/thinkphp/library/think/App.php',
    'line' => 197,
  ),
  7 => 
  array (
    'file' => '/home/wwwroot/pro.xiao360.com/thinkphp/library/think/App.php',
    'line' => 411,
  ),
  8 => 
  array (
    'file' => '/home/wwwroot/pro.xiao360.com/thinkphp/library/think/App.php',
    'line' => 296,
  ),
  9 => 
  array (
    'file' => '/home/wwwroot/pro.xiao360.com/thinkphp/library/think/App.php',
    'line' => 124,
  ),
  10 => 
  array (
    'file' => '/home/wwwroot/pro.xiao360.com/thinkphp/start.php',
    'line' => 18,
  ),
  11 => 
  array (
    'file' => '/home/wwwroot/pro.xiao360.com/public/index.php',
    'line' => 21,
  ),
)
---------------------------------------------------------------
[ 2018-09-21T17:40:34+08:00 ] 192.168.10.10 192.168.10.1 POST /api/course_arranges/3547/regatts
[ error ] array (
  0 => 
  array (
    'file' => '/home/wwwroot/pro.xiao360.com/thinkphp/library/think/db/Builder.php',
    'line' => 714,
  ),
  1 => 
  array (
    'file' => '/home/wwwroot/pro.xiao360.com/thinkphp/library/think/db/Query.php',
    'line' => 2076,
  ),
  2 => 
  array (
    'file' => '/home/wwwroot/pro.xiao360.com/thinkphp/library/think/Model.php',
    'line' => 1073,
  ),
  3 => 
  array (
    'file' => '/home/wwwroot/pro.xiao360.com/application/api/model/StudentAttendance.php',
    'line' => 685,
  ),
  4 => 
  array (
    'file' => '/home/wwwroot/pro.xiao360.com/application/api/model/StudentAttendance.php',
    'line' => 535,
  ),
  5 => 
  array (
    'file' => '/home/wwwroot/pro.xiao360.com/application/api/model/CourseArrangeStudent.php',
    'line' => 163,
  ),
  6 => 
  array (
    'file' => '/home/wwwroot/pro.xiao360.com/application/api/model/CourseArrange.php',
    'line' => 3280,
  ),
  7 => 
  array (
    'file' => '/home/wwwroot/pro.xiao360.com/application/api/model/CourseArrange.php',
    'line' => 3155,
  ),
  8 => 
  array (
    'file' => '/home/wwwroot/pro.xiao360.com/application/api/controller/CourseArranges.php',
    'line' => 887,
  ),
  9 => 
  array (
    'file' => '/home/wwwroot/pro.xiao360.com/application/api/controller/Base.php',
    'line' => 235,
  ),
  10 => 
  array (
    'file' => '/home/wwwroot/pro.xiao360.com/application/api/controller/Base.php',
    'line' => 418,
  ),
  11 => 
  array (
    'file' => '/home/wwwroot/pro.xiao360.com/thinkphp/library/think/App.php',
    'line' => 197,
  ),
  12 => 
  array (
    'file' => '/home/wwwroot/pro.xiao360.com/thinkphp/library/think/App.php',
    'line' => 411,
  ),
  13 => 
  array (
    'file' => '/home/wwwroot/pro.xiao360.com/thinkphp/library/think/App.php',
    'line' => 296,
  ),
  14 => 
  array (
    'file' => '/home/wwwroot/pro.xiao360.com/thinkphp/library/think/App.php',
    'line' => 124,
  ),
  15 => 
  array (
    'file' => '/home/wwwroot/pro.xiao360.com/thinkphp/start.php',
    'line' => 18,
  ),
  16 => 
  array (
    'file' => '/home/wwwroot/pro.xiao360.com/public/index.php',
    'line' => 21,
  ),
)
[ error ] array (
  0 => 
  array (
    'file' => '/home/wwwroot/pro.xiao360.com/application/api/model/CourseArrangeStudent.php',
    'line' => 166,
  ),
  1 => 
  array (
    'file' => '/home/wwwroot/pro.xiao360.com/application/api/model/CourseArrange.php',
    'line' => 3280,
  ),
  2 => 
  array (
    'file' => '/home/wwwroot/pro.xiao360.com/application/api/model/CourseArrange.php',
    'line' => 3155,
  ),
  3 => 
  array (
    'file' => '/home/wwwroot/pro.xiao360.com/application/api/controller/CourseArranges.php',
    'line' => 887,
  ),
  4 => 
  array (
    'file' => '/home/wwwroot/pro.xiao360.com/application/api/controller/Base.php',
    'line' => 235,
  ),
  5 => 
  array (
    'file' => '/home/wwwroot/pro.xiao360.com/application/api/controller/Base.php',
    'line' => 418,
  ),
  6 => 
  array (
    'file' => '/home/wwwroot/pro.xiao360.com/thinkphp/library/think/App.php',
    'line' => 197,
  ),
  7 => 
  array (
    'file' => '/home/wwwroot/pro.xiao360.com/thinkphp/library/think/App.php',
    'line' => 411,
  ),
  8 => 
  array (
    'file' => '/home/wwwroot/pro.xiao360.com/thinkphp/library/think/App.php',
    'line' => 296,
  ),
  9 => 
  array (
    'file' => '/home/wwwroot/pro.xiao360.com/thinkphp/library/think/App.php',
    'line' => 124,
  ),
  10 => 
  array (
    'file' => '/home/wwwroot/pro.xiao360.com/thinkphp/start.php',
    'line' => 18,
  ),
  11 => 
  array (
    'file' => '/home/wwwroot/pro.xiao360.com/public/index.php',
    'line' => 21,
  ),
)
[ error ] array (
  0 => 
  array (
    'file' => '/home/wwwroot/pro.xiao360.com/application/api/model/CourseArrange.php',
    'line' => 3283,
  ),
  1 => 
  array (
    'file' => '/home/wwwroot/pro.xiao360.com/application/api/model/CourseArrange.php',
    'line' => 3155,
  ),
  2 => 
  array (
    'file' => '/home/wwwroot/pro.xiao360.com/application/api/controller/CourseArranges.php',
    'line' => 887,
  ),
  3 => 
  array (
    'file' => '/home/wwwroot/pro.xiao360.com/application/api/controller/Base.php',
    'line' => 235,
  ),
  4 => 
  array (
    'file' => '/home/wwwroot/pro.xiao360.com/application/api/controller/Base.php',
    'line' => 418,
  ),
  5 => 
  array (
    'file' => '/home/wwwroot/pro.xiao360.com/thinkphp/library/think/App.php',
    'line' => 197,
  ),
  6 => 
  array (
    'file' => '/home/wwwroot/pro.xiao360.com/thinkphp/library/think/App.php',
    'line' => 411,
  ),
  7 => 
  array (
    'file' => '/home/wwwroot/pro.xiao360.com/thinkphp/library/think/App.php',
    'line' => 296,
  ),
  8 => 
  array (
    'file' => '/home/wwwroot/pro.xiao360.com/thinkphp/library/think/App.php',
    'line' => 124,
  ),
  9 => 
  array (
    'file' => '/home/wwwroot/pro.xiao360.com/thinkphp/start.php',
    'line' => 18,
  ),
  10 => 
  array (
    'file' => '/home/wwwroot/pro.xiao360.com/public/index.php',
    'line' => 21,
  ),
)
---------------------------------------------------------------
[ 2018-09-21T17:56:24+08:00 ] 192.168.10.10 192.168.10.1 POST /api/course_arranges/3547/regatts
[ error ] array (
  0 => 
  array (
    'file' => '/home/wwwroot/pro.xiao360.com/application/api/model/CourseArrangeStudent.php',
    'line' => 169,
  ),
  1 => 
  array (
    'file' => '/home/wwwroot/pro.xiao360.com/application/api/model/CourseArrange.php',
    'line' => 3280,
  ),
  2 => 
  array (
    'file' => '/home/wwwroot/pro.xiao360.com/application/api/model/CourseArrange.php',
    'line' => 3155,
  ),
  3 => 
  array (
    'file' => '/home/wwwroot/pro.xiao360.com/application/api/controller/CourseArranges.php',
    'line' => 887,
  ),
  4 => 
  array (
    'file' => '/home/wwwroot/pro.xiao360.com/application/api/controller/Base.php',
    'line' => 235,
  ),
  5 => 
  array (
    'file' => '/home/wwwroot/pro.xiao360.com/application/api/controller/Base.php',
    'line' => 418,
  ),
  6 => 
  array (
    'file' => '/home/wwwroot/pro.xiao360.com/thinkphp/library/think/App.php',
    'line' => 197,
  ),
  7 => 
  array (
    'file' => '/home/wwwroot/pro.xiao360.com/thinkphp/library/think/App.php',
    'line' => 411,
  ),
  8 => 
  array (
    'file' => '/home/wwwroot/pro.xiao360.com/thinkphp/library/think/App.php',
    'line' => 296,
  ),
  9 => 
  array (
    'file' => '/home/wwwroot/pro.xiao360.com/thinkphp/library/think/App.php',
    'line' => 124,
  ),
  10 => 
  array (
    'file' => '/home/wwwroot/pro.xiao360.com/thinkphp/start.php',
    'line' => 18,
  ),
  11 => 
  array (
    'file' => '/home/wwwroot/pro.xiao360.com/public/index.php',
    'line' => 21,
  ),
)
[ error ] array (
  0 => 
  array (
    'file' => '/home/wwwroot/pro.xiao360.com/application/api/model/CourseArrange.php',
    'line' => 3282,
  ),
  1 => 
  array (
    'file' => '/home/wwwroot/pro.xiao360.com/application/api/model/CourseArrange.php',
    'line' => 3155,
  ),
  2 => 
  array (
    'file' => '/home/wwwroot/pro.xiao360.com/application/api/controller/CourseArranges.php',
    'line' => 887,
  ),
  3 => 
  array (
    'file' => '/home/wwwroot/pro.xiao360.com/application/api/controller/Base.php',
    'line' => 235,
  ),
  4 => 
  array (
    'file' => '/home/wwwroot/pro.xiao360.com/application/api/controller/Base.php',
    'line' => 418,
  ),
  5 => 
  array (
    'file' => '/home/wwwroot/pro.xiao360.com/thinkphp/library/think/App.php',
    'line' => 197,
  ),
  6 => 
  array (
    'file' => '/home/wwwroot/pro.xiao360.com/thinkphp/library/think/App.php',
    'line' => 411,
  ),
  7 => 
  array (
    'file' => '/home/wwwroot/pro.xiao360.com/thinkphp/library/think/App.php',
    'line' => 296,
  ),
  8 => 
  array (
    'file' => '/home/wwwroot/pro.xiao360.com/thinkphp/library/think/App.php',
    'line' => 124,
  ),
  9 => 
  array (
    'file' => '/home/wwwroot/pro.xiao360.com/thinkphp/start.php',
    'line' => 18,
  ),
  10 => 
  array (
    'file' => '/home/wwwroot/pro.xiao360.com/public/index.php',
    'line' => 21,
  ),
)
---------------------------------------------------------------
[ 2018-09-21T18:01:20+08:00 ] 192.168.10.10 192.168.10.1 POST /api/course_arranges/3547/regatts
[ error ] array (
  0 => 
  array (
    'file' => '/home/wwwroot/pro.xiao360.com/application/api/model/StudentAttendance.php',
    'line' => 805,
  ),
  1 => 
  array (
    'file' => '/home/wwwroot/pro.xiao360.com/application/api/model/StudentAttendance.php',
    'line' => 673,
  ),
  2 => 
  array (
    'file' => '/home/wwwroot/pro.xiao360.com/application/api/model/StudentAttendance.php',
    'line' => 535,
  ),
  3 => 
  array (
    'file' => '/home/wwwroot/pro.xiao360.com/application/api/model/CourseArrangeStudent.php',
    'line' => 163,
  ),
  4 => 
  array (
    'file' => '/home/wwwroot/pro.xiao360.com/application/api/model/CourseArrange.php',
    'line' => 3280,
  ),
  5 => 
  array (
    'file' => '/home/wwwroot/pro.xiao360.com/application/api/model/CourseArrange.php',
    'line' => 3155,
  ),
  6 => 
  array (
    'file' => '/home/wwwroot/pro.xiao360.com/application/api/controller/CourseArranges.php',
    'line' => 887,
  ),
  7 => 
  array (
    'file' => '/home/wwwroot/pro.xiao360.com/application/api/controller/Base.php',
    'line' => 235,
  ),
  8 => 
  array (
    'file' => '/home/wwwroot/pro.xiao360.com/application/api/controller/Base.php',
    'line' => 418,
  ),
  9 => 
  array (
    'file' => '/home/wwwroot/pro.xiao360.com/thinkphp/library/think/App.php',
    'line' => 197,
  ),
  10 => 
  array (
    'file' => '/home/wwwroot/pro.xiao360.com/thinkphp/library/think/App.php',
    'line' => 411,
  ),
  11 => 
  array (
    'file' => '/home/wwwroot/pro.xiao360.com/thinkphp/library/think/App.php',
    'line' => 296,
  ),
  12 => 
  array (
    'file' => '/home/wwwroot/pro.xiao360.com/thinkphp/library/think/App.php',
    'line' => 124,
  ),
  13 => 
  array (
    'file' => '/home/wwwroot/pro.xiao360.com/thinkphp/start.php',
    'line' => 18,
  ),
  14 => 
  array (
    'file' => '/home/wwwroot/pro.xiao360.com/public/index.php',
    'line' => 21,
  ),
)
[ error ] array (
  0 => 
  array (
    'file' => '/home/wwwroot/pro.xiao360.com/application/api/model/CourseArrangeStudent.php',
    'line' => 165,
  ),
  1 => 
  array (
    'file' => '/home/wwwroot/pro.xiao360.com/application/api/model/CourseArrange.php',
    'line' => 3280,
  ),
  2 => 
  array (
    'file' => '/home/wwwroot/pro.xiao360.com/application/api/model/CourseArrange.php',
    'line' => 3155,
  ),
  3 => 
  array (
    'file' => '/home/wwwroot/pro.xiao360.com/application/api/controller/CourseArranges.php',
    'line' => 887,
  ),
  4 => 
  array (
    'file' => '/home/wwwroot/pro.xiao360.com/application/api/controller/Base.php',
    'line' => 235,
  ),
  5 => 
  array (
    'file' => '/home/wwwroot/pro.xiao360.com/application/api/controller/Base.php',
    'line' => 418,
  ),
  6 => 
  array (
    'file' => '/home/wwwroot/pro.xiao360.com/thinkphp/library/think/App.php',
    'line' => 197,
  ),
  7 => 
  array (
    'file' => '/home/wwwroot/pro.xiao360.com/thinkphp/library/think/App.php',
    'line' => 411,
  ),
  8 => 
  array (
    'file' => '/home/wwwroot/pro.xiao360.com/thinkphp/library/think/App.php',
    'line' => 296,
  ),
  9 => 
  array (
    'file' => '/home/wwwroot/pro.xiao360.com/thinkphp/library/think/App.php',
    'line' => 124,
  ),
  10 => 
  array (
    'file' => '/home/wwwroot/pro.xiao360.com/thinkphp/start.php',
    'line' => 18,
  ),
  11 => 
  array (
    'file' => '/home/wwwroot/pro.xiao360.com/public/index.php',
    'line' => 21,
  ),
)
[ error ] array (
  0 => 
  array (
    'file' => '/home/wwwroot/pro.xiao360.com/application/api/model/CourseArrange.php',
    'line' => 3282,
  ),
  1 => 
  array (
    'file' => '/home/wwwroot/pro.xiao360.com/application/api/model/CourseArrange.php',
    'line' => 3155,
  ),
  2 => 
  array (
    'file' => '/home/wwwroot/pro.xiao360.com/application/api/controller/CourseArranges.php',
    'line' => 887,
  ),
  3 => 
  array (
    'file' => '/home/wwwroot/pro.xiao360.com/application/api/controller/Base.php',
    'line' => 235,
  ),
  4 => 
  array (
    'file' => '/home/wwwroot/pro.xiao360.com/application/api/controller/Base.php',
    'line' => 418,
  ),
  5 => 
  array (
    'file' => '/home/wwwroot/pro.xiao360.com/thinkphp/library/think/App.php',
    'line' => 197,
  ),
  6 => 
  array (
    'file' => '/home/wwwroot/pro.xiao360.com/thinkphp/library/think/App.php',
    'line' => 411,
  ),
  7 => 
  array (
    'file' => '/home/wwwroot/pro.xiao360.com/thinkphp/library/think/App.php',
    'line' => 296,
  ),
  8 => 
  array (
    'file' => '/home/wwwroot/pro.xiao360.com/thinkphp/library/think/App.php',
    'line' => 124,
  ),
  9 => 
  array (
    'file' => '/home/wwwroot/pro.xiao360.com/thinkphp/start.php',
    'line' => 18,
  ),
  10 => 
  array (
    'file' => '/home/wwwroot/pro.xiao360.com/public/index.php',
    'line' => 21,
  ),
)
