---------------------------------------------------------------
[ 2018-09-30T18:33:40+08:00 ] 192.168.10.10 192.168.10.1 GET /api/service_tasks?page=1&pagesize=10&int_day=%5B%3C%3D%2C20180930%5D&status=0&own_eid=10001&with=student%2Cone_class%2Ccustomer
[ info ] pro.x360.com/api/service_tasks?page=1&pagesize=10&int_day=%5B%3C%3D%2C20180930%5D&status=0&own_eid=10001&with=student%2Cone_class%2Ccustomer [运行时间：0.592062s][吞吐率：1.69req/s] [内存消耗：1,144.76kb] [文件加载：116]
[ info ] [ DB ] INIT mysql
[ info ] [ LANG ] /home/wwwroot/pro.xiao360.com/thinkphp/lang/zh-cn.php
[ info ] [ ROUTE ] array (
  'type' => 'module',
  'module' => 
  array (
    0 => 'api',
    1 => 'service_tasks',
    2 => NULL,
  ),
)
[ info ] [ HEADER ] array (
  'host' => 'pro.x360.com',
  'connection' => 'close',
  'x-client-time' => '1538303619',
  'x-token' => '66c22700188d73bc0b70472b9cf9f769',
  'user-agent' => 'Mozilla/5.0 (Windows NT 10.0; WOW64) AppleWebKit/537.36 (KHTML, like Gecko) Chrome/69.0.3493.3 Safari/537.36',
  'accept' => 'application/json, text/plain, */*',
  'x-sub-host' => 'base',
  'x-bid' => '2',
  'x-requested-with' => 'XMLHttpRequest',
  'referer' => 'http://localhost:8988/',
  'accept-encoding' => 'gzip, deflate, br',
  'accept-language' => 'zh-CN,zh;q=0.9,en;q=0.8',
  'cookie' => 'PHPSESSID=c3s4dkiaq61b42d4u2dsa17eg5',
  'content-type' => '',
  'content-length' => '',
)
[ info ] [ PARAM ] array (
  'page' => '1',
  'pagesize' => '10',
  'int_day' => '[<=,20180930]',
  'status' => '0',
  'own_eid' => '10001',
  'with' => 'student,one_class,customer',
)
[ info ] [ RUN ] app\api\controller\Base->restful[ /home/wwwroot/pro.xiao360.com/application/api/controller/Base.php ]
[ info ] [ CACHE ] INIT Redis
[ info ] [ DB ] INIT mysql
[ info ] [ BEHAVIOR ] Run app\api\behavior\RecordAction @response_end [ RunTime:0.006568s ]
[ info ] [ LOG ] INIT File
[ sql ] [ DB ] CONNECT:[ UseTime:0.000894s ] mysql:host=192.168.0.157;dbname=x360p_center;charset=utf8mb4
[ sql ] [ SQL ] SHOW COLUMNS FROM `pro_client` [ RunTime:0.019363s ]
[ sql ] [ SQL ] SELECT * FROM `pro_client` WHERE  `host` = 'base'  AND `delete_time` IS NULL LIMIT 1 [ RunTime:0.001399s ]
[ sql ] [ SQL ] SHOW COLUMNS FROM `pro_database_config` [ RunTime:0.007398s ]
[ sql ] [ SQL ] SELECT * FROM `pro_database_config` WHERE  `cid` = 1 LIMIT 1 [ RunTime:0.000943s ]
---------------------------------------------------------------
[ 2018-09-30T18:33:49+08:00 ] 192.168.10.10 192.168.10.1 GET /api/service_tasks?page=1&pagesize=10&int_day=%5B%3C%3D%2C20180930%5D&status=0&own_eid=10001&with=student%2Cone_class%2Ccustomer
[ info ] pro.x360.com/api/service_tasks?page=1&pagesize=10&int_day=%5B%3C%3D%2C20180930%5D&status=0&own_eid=10001&with=student%2Cone_class%2Ccustomer [运行时间：0.618405s][吞吐率：1.62req/s] [内存消耗：1,143.62kb] [文件加载：116]
[ info ] [ DB ] INIT mysql
[ info ] [ LANG ] /home/wwwroot/pro.xiao360.com/thinkphp/lang/zh-cn.php
[ info ] [ ROUTE ] array (
  'type' => 'module',
  'module' => 
  array (
    0 => 'api',
    1 => 'service_tasks',
    2 => NULL,
  ),
)
[ info ] [ HEADER ] array (
  'host' => 'pro.x360.com',
  'connection' => 'close',
  'accept' => 'application/json, text/plain, */*',
  'x-sub-host' => 'base',
  'x-client-time' => '1538303629',
  'x-token' => '66c22700188d73bc0b70472b9cf9f769',
  'x-requested-with' => 'XMLHttpRequest',
  'user-agent' => 'Mozilla/5.0 (Windows NT 10.0; WOW64) AppleWebKit/537.36 (KHTML, like Gecko) Chrome/69.0.3493.3 Safari/537.36',
  'referer' => 'http://localhost:8988/',
  'accept-encoding' => 'gzip, deflate, br',
  'accept-language' => 'zh-CN,zh;q=0.9,en;q=0.8',
  'cookie' => 'PHPSESSID=c3s4dkiaq61b42d4u2dsa17eg5',
  'content-type' => '',
  'content-length' => '',
)
[ info ] [ PARAM ] array (
  'page' => '1',
  'pagesize' => '10',
  'int_day' => '[<=,20180930]',
  'status' => '0',
  'own_eid' => '10001',
  'with' => 'student,one_class,customer',
)
[ info ] [ RUN ] app\api\controller\Base->restful[ /home/wwwroot/pro.xiao360.com/application/api/controller/Base.php ]
[ info ] [ CACHE ] INIT Redis
[ info ] [ DB ] INIT mysql
[ info ] [ BEHAVIOR ] Run app\api\behavior\RecordAction @response_end [ RunTime:0.007607s ]
[ info ] [ LOG ] INIT File
[ sql ] [ DB ] CONNECT:[ UseTime:0.001035s ] mysql:host=192.168.0.157;dbname=x360p_center;charset=utf8mb4
[ sql ] [ SQL ] SHOW COLUMNS FROM `pro_client` [ RunTime:0.011964s ]
[ sql ] [ SQL ] SELECT * FROM `pro_client` WHERE  `host` = 'base'  AND `delete_time` IS NULL LIMIT 1 [ RunTime:0.003675s ]
[ sql ] [ SQL ] SHOW COLUMNS FROM `pro_database_config` [ RunTime:0.007170s ]
[ sql ] [ SQL ] SELECT * FROM `pro_database_config` WHERE  `cid` = 1 LIMIT 1 [ RunTime:0.000814s ]
---------------------------------------------------------------
[ 2018-09-30T18:34:10+08:00 ] 192.168.10.10 192.168.10.1 GET /api/service_tasks?page=1&pagesize=10&int_day=%5B%3C%3D%2C20180930%5D&status=0&own_eid=10001&with=student%2Cone_class%2Ccustomer
[ info ] pro.x360.com/api/service_tasks?page=1&pagesize=10&int_day=%5B%3C%3D%2C20180930%5D&status=0&own_eid=10001&with=student%2Cone_class%2Ccustomer [运行时间：0.584029s][吞吐率：1.71req/s] [内存消耗：1,144.45kb] [文件加载：116]
[ info ] [ DB ] INIT mysql
[ info ] [ LANG ] /home/wwwroot/pro.xiao360.com/thinkphp/lang/zh-cn.php
[ info ] [ ROUTE ] array (
  'type' => 'module',
  'module' => 
  array (
    0 => 'api',
    1 => 'service_tasks',
    2 => NULL,
  ),
)
[ info ] [ HEADER ] array (
  'host' => 'pro.x360.com',
  'connection' => 'close',
  'x-client-time' => '1538303649',
  'x-token' => '66c22700188d73bc0b70472b9cf9f769',
  'user-agent' => 'Mozilla/5.0 (Windows NT 10.0; WOW64) AppleWebKit/537.36 (KHTML, like Gecko) Chrome/69.0.3493.3 Safari/537.36',
  'accept' => 'application/json, text/plain, */*',
  'x-sub-host' => 'base',
  'x-bid' => '2',
  'x-requested-with' => 'XMLHttpRequest',
  'referer' => 'http://localhost:8988/',
  'accept-encoding' => 'gzip, deflate, br',
  'accept-language' => 'zh-CN,zh;q=0.9,en;q=0.8',
  'cookie' => 'PHPSESSID=c3s4dkiaq61b42d4u2dsa17eg5',
  'content-type' => '',
  'content-length' => '',
)
[ info ] [ PARAM ] array (
  'page' => '1',
  'pagesize' => '10',
  'int_day' => '[<=,20180930]',
  'status' => '0',
  'own_eid' => '10001',
  'with' => 'student,one_class,customer',
)
[ info ] [ RUN ] app\api\controller\Base->restful[ /home/wwwroot/pro.xiao360.com/application/api/controller/Base.php ]
[ info ] [ CACHE ] INIT Redis
[ info ] [ DB ] INIT mysql
[ info ] [ BEHAVIOR ] Run app\api\behavior\RecordAction @response_end [ RunTime:0.006716s ]
[ info ] [ LOG ] INIT File
[ sql ] [ DB ] CONNECT:[ UseTime:0.000832s ] mysql:host=192.168.0.157;dbname=x360p_center;charset=utf8mb4
[ sql ] [ SQL ] SHOW COLUMNS FROM `pro_client` [ RunTime:0.011485s ]
[ sql ] [ SQL ] SELECT * FROM `pro_client` WHERE  `host` = 'base'  AND `delete_time` IS NULL LIMIT 1 [ RunTime:0.001025s ]
[ sql ] [ SQL ] SHOW COLUMNS FROM `pro_database_config` [ RunTime:0.008587s ]
[ sql ] [ SQL ] SELECT * FROM `pro_database_config` WHERE  `cid` = 1 LIMIT 1 [ RunTime:0.000842s ]
---------------------------------------------------------------
[ 2018-09-30T18:34:21+08:00 ] 192.168.10.10 192.168.10.1 GET /api/service_tasks?page=1&pagesize=10&int_day=%5B%3C%3D%2C20180930%5D&status=0&own_eid=10001&with=student%2Cone_class%2Ccustomer
[ info ] pro.x360.com/api/service_tasks?page=1&pagesize=10&int_day=%5B%3C%3D%2C20180930%5D&status=0&own_eid=10001&with=student%2Cone_class%2Ccustomer [运行时间：0.722101s][吞吐率：1.38req/s] [内存消耗：1,143.62kb] [文件加载：116]
[ info ] [ DB ] INIT mysql
[ info ] [ LANG ] /home/wwwroot/pro.xiao360.com/thinkphp/lang/zh-cn.php
[ info ] [ ROUTE ] array (
  'type' => 'module',
  'module' => 
  array (
    0 => 'api',
    1 => 'service_tasks',
    2 => NULL,
  ),
)
[ info ] [ HEADER ] array (
  'host' => 'pro.x360.com',
  'connection' => 'close',
  'accept' => 'application/json, text/plain, */*',
  'x-sub-host' => 'base',
  'x-client-time' => '1538303660',
  'x-token' => '66c22700188d73bc0b70472b9cf9f769',
  'x-requested-with' => 'XMLHttpRequest',
  'user-agent' => 'Mozilla/5.0 (Windows NT 10.0; WOW64) AppleWebKit/537.36 (KHTML, like Gecko) Chrome/69.0.3493.3 Safari/537.36',
  'referer' => 'http://localhost:8988/',
  'accept-encoding' => 'gzip, deflate, br',
  'accept-language' => 'zh-CN,zh;q=0.9,en;q=0.8',
  'cookie' => 'PHPSESSID=c3s4dkiaq61b42d4u2dsa17eg5',
  'content-type' => '',
  'content-length' => '',
)
[ info ] [ PARAM ] array (
  'page' => '1',
  'pagesize' => '10',
  'int_day' => '[<=,20180930]',
  'status' => '0',
  'own_eid' => '10001',
  'with' => 'student,one_class,customer',
)
[ info ] [ RUN ] app\api\controller\Base->restful[ /home/wwwroot/pro.xiao360.com/application/api/controller/Base.php ]
[ info ] [ CACHE ] INIT Redis
[ info ] [ DB ] INIT mysql
[ info ] [ BEHAVIOR ] Run app\api\behavior\RecordAction @response_end [ RunTime:0.009296s ]
[ info ] [ LOG ] INIT File
[ sql ] [ DB ] CONNECT:[ UseTime:0.000915s ] mysql:host=192.168.0.157;dbname=x360p_center;charset=utf8mb4
[ sql ] [ SQL ] SHOW COLUMNS FROM `pro_client` [ RunTime:0.011423s ]
[ sql ] [ SQL ] SELECT * FROM `pro_client` WHERE  `host` = 'base'  AND `delete_time` IS NULL LIMIT 1 [ RunTime:0.001055s ]
[ sql ] [ SQL ] SHOW COLUMNS FROM `pro_database_config` [ RunTime:0.007835s ]
[ sql ] [ SQL ] SELECT * FROM `pro_database_config` WHERE  `cid` = 1 LIMIT 1 [ RunTime:0.000894s ]
---------------------------------------------------------------
[ 2018-09-30T18:34:40+08:00 ] 192.168.10.10 192.168.10.1 GET /api/service_tasks?page=1&pagesize=10&int_day=%5B%3C%3D%2C20180930%5D&status=0&own_eid=10001&with=student%2Cone_class%2Ccustomer
[ info ] pro.x360.com/api/service_tasks?page=1&pagesize=10&int_day=%5B%3C%3D%2C20180930%5D&status=0&own_eid=10001&with=student%2Cone_class%2Ccustomer [运行时间：0.803873s][吞吐率：1.24req/s] [内存消耗：1,144.45kb] [文件加载：116]
[ info ] [ DB ] INIT mysql
[ info ] [ LANG ] /home/wwwroot/pro.xiao360.com/thinkphp/lang/zh-cn.php
[ info ] [ ROUTE ] array (
  'type' => 'module',
  'module' => 
  array (
    0 => 'api',
    1 => 'service_tasks',
    2 => NULL,
  ),
)
[ info ] [ HEADER ] array (
  'host' => 'pro.x360.com',
  'connection' => 'close',
  'x-client-time' => '1538303679',
  'x-token' => '66c22700188d73bc0b70472b9cf9f769',
  'user-agent' => 'Mozilla/5.0 (Windows NT 10.0; WOW64) AppleWebKit/537.36 (KHTML, like Gecko) Chrome/69.0.3493.3 Safari/537.36',
  'accept' => 'application/json, text/plain, */*',
  'x-sub-host' => 'base',
  'x-bid' => '2',
  'x-requested-with' => 'XMLHttpRequest',
  'referer' => 'http://localhost:8988/',
  'accept-encoding' => 'gzip, deflate, br',
  'accept-language' => 'zh-CN,zh;q=0.9,en;q=0.8',
  'cookie' => 'PHPSESSID=c3s4dkiaq61b42d4u2dsa17eg5',
  'content-type' => '',
  'content-length' => '',
)
[ info ] [ PARAM ] array (
  'page' => '1',
  'pagesize' => '10',
  'int_day' => '[<=,20180930]',
  'status' => '0',
  'own_eid' => '10001',
  'with' => 'student,one_class,customer',
)
[ info ] [ RUN ] app\api\controller\Base->restful[ /home/wwwroot/pro.xiao360.com/application/api/controller/Base.php ]
[ info ] [ CACHE ] INIT Redis
[ info ] [ DB ] INIT mysql
[ info ] [ BEHAVIOR ] Run app\api\behavior\RecordAction @response_end [ RunTime:0.008945s ]
[ info ] [ LOG ] INIT File
[ sql ] [ DB ] CONNECT:[ UseTime:0.003805s ] mysql:host=192.168.0.157;dbname=x360p_center;charset=utf8mb4
[ sql ] [ SQL ] SHOW COLUMNS FROM `pro_client` [ RunTime:0.008726s ]
[ sql ] [ SQL ] SELECT * FROM `pro_client` WHERE  `host` = 'base'  AND `delete_time` IS NULL LIMIT 1 [ RunTime:0.001246s ]
[ sql ] [ SQL ] SHOW COLUMNS FROM `pro_database_config` [ RunTime:0.009649s ]
[ sql ] [ SQL ] SELECT * FROM `pro_database_config` WHERE  `cid` = 1 LIMIT 1 [ RunTime:0.000861s ]
---------------------------------------------------------------
[ 2018-09-30T18:34:52+08:00 ] 192.168.10.10 192.168.10.1 GET /api/service_tasks?page=1&pagesize=10&int_day=%5B%3C%3D%2C20180930%5D&status=0&own_eid=10001&with=student%2Cone_class%2Ccustomer
[ info ] pro.x360.com/api/service_tasks?page=1&pagesize=10&int_day=%5B%3C%3D%2C20180930%5D&status=0&own_eid=10001&with=student%2Cone_class%2Ccustomer [运行时间：0.745557s][吞吐率：1.34req/s] [内存消耗：1,143.62kb] [文件加载：116]
[ info ] [ DB ] INIT mysql
[ info ] [ LANG ] /home/wwwroot/pro.xiao360.com/thinkphp/lang/zh-cn.php
[ info ] [ ROUTE ] array (
  'type' => 'module',
  'module' => 
  array (
    0 => 'api',
    1 => 'service_tasks',
    2 => NULL,
  ),
)
[ info ] [ HEADER ] array (
  'host' => 'pro.x360.com',
  'connection' => 'close',
  'accept' => 'application/json, text/plain, */*',
  'x-sub-host' => 'base',
  'x-client-time' => '1538303691',
  'x-token' => '66c22700188d73bc0b70472b9cf9f769',
  'x-requested-with' => 'XMLHttpRequest',
  'user-agent' => 'Mozilla/5.0 (Windows NT 10.0; WOW64) AppleWebKit/537.36 (KHTML, like Gecko) Chrome/69.0.3493.3 Safari/537.36',
  'referer' => 'http://localhost:8988/',
  'accept-encoding' => 'gzip, deflate, br',
  'accept-language' => 'zh-CN,zh;q=0.9,en;q=0.8',
  'cookie' => 'PHPSESSID=c3s4dkiaq61b42d4u2dsa17eg5',
  'content-type' => '',
  'content-length' => '',
)
[ info ] [ PARAM ] array (
  'page' => '1',
  'pagesize' => '10',
  'int_day' => '[<=,20180930]',
  'status' => '0',
  'own_eid' => '10001',
  'with' => 'student,one_class,customer',
)
[ info ] [ RUN ] app\api\controller\Base->restful[ /home/wwwroot/pro.xiao360.com/application/api/controller/Base.php ]
[ info ] [ CACHE ] INIT Redis
[ info ] [ DB ] INIT mysql
[ info ] [ BEHAVIOR ] Run app\api\behavior\RecordAction @response_end [ RunTime:0.007844s ]
[ info ] [ LOG ] INIT File
[ sql ] [ DB ] CONNECT:[ UseTime:0.001093s ] mysql:host=192.168.0.157;dbname=x360p_center;charset=utf8mb4
[ sql ] [ SQL ] SHOW COLUMNS FROM `pro_client` [ RunTime:0.007678s ]
[ sql ] [ SQL ] SELECT * FROM `pro_client` WHERE  `host` = 'base'  AND `delete_time` IS NULL LIMIT 1 [ RunTime:0.001189s ]
[ sql ] [ SQL ] SHOW COLUMNS FROM `pro_database_config` [ RunTime:0.007734s ]
[ sql ] [ SQL ] SELECT * FROM `pro_database_config` WHERE  `cid` = 1 LIMIT 1 [ RunTime:0.000807s ]
---------------------------------------------------------------
[ 2018-09-30T18:35:10+08:00 ] 192.168.10.10 192.168.10.1 GET /api/service_tasks?page=1&pagesize=10&int_day=%5B%3C%3D%2C20180930%5D&status=0&own_eid=10001&with=student%2Cone_class%2Ccustomer
[ info ] pro.x360.com/api/service_tasks?page=1&pagesize=10&int_day=%5B%3C%3D%2C20180930%5D&status=0&own_eid=10001&with=student%2Cone_class%2Ccustomer [运行时间：0.572934s][吞吐率：1.75req/s] [内存消耗：1,144.45kb] [文件加载：116]
[ info ] [ DB ] INIT mysql
[ info ] [ LANG ] /home/wwwroot/pro.xiao360.com/thinkphp/lang/zh-cn.php
[ info ] [ ROUTE ] array (
  'type' => 'module',
  'module' => 
  array (
    0 => 'api',
    1 => 'service_tasks',
    2 => NULL,
  ),
)
[ info ] [ HEADER ] array (
  'host' => 'pro.x360.com',
  'connection' => 'close',
  'x-client-time' => '1538303709',
  'x-token' => '66c22700188d73bc0b70472b9cf9f769',
  'user-agent' => 'Mozilla/5.0 (Windows NT 10.0; WOW64) AppleWebKit/537.36 (KHTML, like Gecko) Chrome/69.0.3493.3 Safari/537.36',
  'accept' => 'application/json, text/plain, */*',
  'x-sub-host' => 'base',
  'x-bid' => '2',
  'x-requested-with' => 'XMLHttpRequest',
  'referer' => 'http://localhost:8988/',
  'accept-encoding' => 'gzip, deflate, br',
  'accept-language' => 'zh-CN,zh;q=0.9,en;q=0.8',
  'cookie' => 'PHPSESSID=c3s4dkiaq61b42d4u2dsa17eg5',
  'content-type' => '',
  'content-length' => '',
)
[ info ] [ PARAM ] array (
  'page' => '1',
  'pagesize' => '10',
  'int_day' => '[<=,20180930]',
  'status' => '0',
  'own_eid' => '10001',
  'with' => 'student,one_class,customer',
)
[ info ] [ RUN ] app\api\controller\Base->restful[ /home/wwwroot/pro.xiao360.com/application/api/controller/Base.php ]
[ info ] [ CACHE ] INIT Redis
[ info ] [ DB ] INIT mysql
[ info ] [ BEHAVIOR ] Run app\api\behavior\RecordAction @response_end [ RunTime:0.006538s ]
[ info ] [ LOG ] INIT File
[ sql ] [ DB ] CONNECT:[ UseTime:0.000856s ] mysql:host=192.168.0.157;dbname=x360p_center;charset=utf8mb4
[ sql ] [ SQL ] SHOW COLUMNS FROM `pro_client` [ RunTime:0.010972s ]
[ sql ] [ SQL ] SELECT * FROM `pro_client` WHERE  `host` = 'base'  AND `delete_time` IS NULL LIMIT 1 [ RunTime:0.000992s ]
[ sql ] [ SQL ] SHOW COLUMNS FROM `pro_database_config` [ RunTime:0.006761s ]
[ sql ] [ SQL ] SELECT * FROM `pro_database_config` WHERE  `cid` = 1 LIMIT 1 [ RunTime:0.000668s ]
---------------------------------------------------------------
[ 2018-09-30T18:35:23+08:00 ] 192.168.10.10 192.168.10.1 GET /api/service_tasks?page=1&pagesize=10&int_day=%5B%3C%3D%2C20180930%5D&status=0&own_eid=10001&with=student%2Cone_class%2Ccustomer
[ info ] pro.x360.com/api/service_tasks?page=1&pagesize=10&int_day=%5B%3C%3D%2C20180930%5D&status=0&own_eid=10001&with=student%2Cone_class%2Ccustomer [运行时间：0.587046s][吞吐率：1.70req/s] [内存消耗：1,143.62kb] [文件加载：116]
[ info ] [ DB ] INIT mysql
[ info ] [ LANG ] /home/wwwroot/pro.xiao360.com/thinkphp/lang/zh-cn.php
[ info ] [ ROUTE ] array (
  'type' => 'module',
  'module' => 
  array (
    0 => 'api',
    1 => 'service_tasks',
    2 => NULL,
  ),
)
[ info ] [ HEADER ] array (
  'host' => 'pro.x360.com',
  'connection' => 'close',
  'accept' => 'application/json, text/plain, */*',
  'x-sub-host' => 'base',
  'x-client-time' => '1538303722',
  'x-token' => '66c22700188d73bc0b70472b9cf9f769',
  'x-requested-with' => 'XMLHttpRequest',
  'user-agent' => 'Mozilla/5.0 (Windows NT 10.0; WOW64) AppleWebKit/537.36 (KHTML, like Gecko) Chrome/69.0.3493.3 Safari/537.36',
  'referer' => 'http://localhost:8988/',
  'accept-encoding' => 'gzip, deflate, br',
  'accept-language' => 'zh-CN,zh;q=0.9,en;q=0.8',
  'cookie' => 'PHPSESSID=c3s4dkiaq61b42d4u2dsa17eg5',
  'content-type' => '',
  'content-length' => '',
)
[ info ] [ PARAM ] array (
  'page' => '1',
  'pagesize' => '10',
  'int_day' => '[<=,20180930]',
  'status' => '0',
  'own_eid' => '10001',
  'with' => 'student,one_class,customer',
)
[ info ] [ RUN ] app\api\controller\Base->restful[ /home/wwwroot/pro.xiao360.com/application/api/controller/Base.php ]
[ info ] [ CACHE ] INIT Redis
[ info ] [ DB ] INIT mysql
[ info ] [ BEHAVIOR ] Run app\api\behavior\RecordAction @response_end [ RunTime:0.007689s ]
[ info ] [ LOG ] INIT File
[ sql ] [ DB ] CONNECT:[ UseTime:0.000868s ] mysql:host=192.168.0.157;dbname=x360p_center;charset=utf8mb4
[ sql ] [ SQL ] SHOW COLUMNS FROM `pro_client` [ RunTime:0.010886s ]
[ sql ] [ SQL ] SELECT * FROM `pro_client` WHERE  `host` = 'base'  AND `delete_time` IS NULL LIMIT 1 [ RunTime:0.003762s ]
[ sql ] [ SQL ] SHOW COLUMNS FROM `pro_database_config` [ RunTime:0.006780s ]
[ sql ] [ SQL ] SELECT * FROM `pro_database_config` WHERE  `cid` = 1 LIMIT 1 [ RunTime:0.000735s ]
---------------------------------------------------------------
[ 2018-09-30T18:35:40+08:00 ] 192.168.10.10 192.168.10.1 GET /api/service_tasks?page=1&pagesize=10&int_day=%5B%3C%3D%2C20180930%5D&status=0&own_eid=10001&with=student%2Cone_class%2Ccustomer
[ info ] pro.x360.com/api/service_tasks?page=1&pagesize=10&int_day=%5B%3C%3D%2C20180930%5D&status=0&own_eid=10001&with=student%2Cone_class%2Ccustomer [运行时间：0.597572s][吞吐率：1.67req/s] [内存消耗：1,144.45kb] [文件加载：116]
[ info ] [ DB ] INIT mysql
[ info ] [ LANG ] /home/wwwroot/pro.xiao360.com/thinkphp/lang/zh-cn.php
[ info ] [ ROUTE ] array (
  'type' => 'module',
  'module' => 
  array (
    0 => 'api',
    1 => 'service_tasks',
    2 => NULL,
  ),
)
[ info ] [ HEADER ] array (
  'host' => 'pro.x360.com',
  'connection' => 'close',
  'x-client-time' => '1538303739',
  'x-token' => '66c22700188d73bc0b70472b9cf9f769',
  'user-agent' => 'Mozilla/5.0 (Windows NT 10.0; WOW64) AppleWebKit/537.36 (KHTML, like Gecko) Chrome/69.0.3493.3 Safari/537.36',
  'accept' => 'application/json, text/plain, */*',
  'x-sub-host' => 'base',
  'x-bid' => '2',
  'x-requested-with' => 'XMLHttpRequest',
  'referer' => 'http://localhost:8988/',
  'accept-encoding' => 'gzip, deflate, br',
  'accept-language' => 'zh-CN,zh;q=0.9,en;q=0.8',
  'cookie' => 'PHPSESSID=c3s4dkiaq61b42d4u2dsa17eg5',
  'content-type' => '',
  'content-length' => '',
)
[ info ] [ PARAM ] array (
  'page' => '1',
  'pagesize' => '10',
  'int_day' => '[<=,20180930]',
  'status' => '0',
  'own_eid' => '10001',
  'with' => 'student,one_class,customer',
)
[ info ] [ RUN ] app\api\controller\Base->restful[ /home/wwwroot/pro.xiao360.com/application/api/controller/Base.php ]
[ info ] [ CACHE ] INIT Redis
[ info ] [ DB ] INIT mysql
[ info ] [ BEHAVIOR ] Run app\api\behavior\RecordAction @response_end [ RunTime:0.006473s ]
[ info ] [ LOG ] INIT File
[ sql ] [ DB ] CONNECT:[ UseTime:0.003803s ] mysql:host=192.168.0.157;dbname=x360p_center;charset=utf8mb4
[ sql ] [ SQL ] SHOW COLUMNS FROM `pro_client` [ RunTime:0.019443s ]
[ sql ] [ SQL ] SELECT * FROM `pro_client` WHERE  `host` = 'base'  AND `delete_time` IS NULL LIMIT 1 [ RunTime:0.001239s ]
[ sql ] [ SQL ] SHOW COLUMNS FROM `pro_database_config` [ RunTime:0.007079s ]
[ sql ] [ SQL ] SELECT * FROM `pro_database_config` WHERE  `cid` = 1 LIMIT 1 [ RunTime:0.000848s ]
---------------------------------------------------------------
[ 2018-09-30T18:35:54+08:00 ] 192.168.10.10 192.168.10.1 GET /api/service_tasks?page=1&pagesize=10&int_day=%5B%3C%3D%2C20180930%5D&status=0&own_eid=10001&with=student%2Cone_class%2Ccustomer
[ info ] pro.x360.com/api/service_tasks?page=1&pagesize=10&int_day=%5B%3C%3D%2C20180930%5D&status=0&own_eid=10001&with=student%2Cone_class%2Ccustomer [运行时间：0.590192s][吞吐率：1.69req/s] [内存消耗：1,143.62kb] [文件加载：116]
[ info ] [ DB ] INIT mysql
[ info ] [ LANG ] /home/wwwroot/pro.xiao360.com/thinkphp/lang/zh-cn.php
[ info ] [ ROUTE ] array (
  'type' => 'module',
  'module' => 
  array (
    0 => 'api',
    1 => 'service_tasks',
    2 => NULL,
  ),
)
[ info ] [ HEADER ] array (
  'host' => 'pro.x360.com',
  'connection' => 'close',
  'accept' => 'application/json, text/plain, */*',
  'x-sub-host' => 'base',
  'x-client-time' => '1538303753',
  'x-token' => '66c22700188d73bc0b70472b9cf9f769',
  'x-requested-with' => 'XMLHttpRequest',
  'user-agent' => 'Mozilla/5.0 (Windows NT 10.0; WOW64) AppleWebKit/537.36 (KHTML, like Gecko) Chrome/69.0.3493.3 Safari/537.36',
  'referer' => 'http://localhost:8988/',
  'accept-encoding' => 'gzip, deflate, br',
  'accept-language' => 'zh-CN,zh;q=0.9,en;q=0.8',
  'cookie' => 'PHPSESSID=c3s4dkiaq61b42d4u2dsa17eg5',
  'content-type' => '',
  'content-length' => '',
)
[ info ] [ PARAM ] array (
  'page' => '1',
  'pagesize' => '10',
  'int_day' => '[<=,20180930]',
  'status' => '0',
  'own_eid' => '10001',
  'with' => 'student,one_class,customer',
)
[ info ] [ RUN ] app\api\controller\Base->restful[ /home/wwwroot/pro.xiao360.com/application/api/controller/Base.php ]
[ info ] [ CACHE ] INIT Redis
[ info ] [ DB ] INIT mysql
[ info ] [ BEHAVIOR ] Run app\api\behavior\RecordAction @response_end [ RunTime:0.007325s ]
[ info ] [ LOG ] INIT File
[ sql ] [ DB ] CONNECT:[ UseTime:0.000903s ] mysql:host=192.168.0.157;dbname=x360p_center;charset=utf8mb4
[ sql ] [ SQL ] SHOW COLUMNS FROM `pro_client` [ RunTime:0.015809s ]
[ sql ] [ SQL ] SELECT * FROM `pro_client` WHERE  `host` = 'base'  AND `delete_time` IS NULL LIMIT 1 [ RunTime:0.001847s ]
[ sql ] [ SQL ] SHOW COLUMNS FROM `pro_database_config` [ RunTime:0.007079s ]
[ sql ] [ SQL ] SELECT * FROM `pro_database_config` WHERE  `cid` = 1 LIMIT 1 [ RunTime:0.003541s ]
---------------------------------------------------------------
[ 2018-09-30T18:36:10+08:00 ] 192.168.10.10 192.168.10.1 GET /api/service_tasks?page=1&pagesize=10&int_day=%5B%3C%3D%2C20180930%5D&status=0&own_eid=10001&with=student%2Cone_class%2Ccustomer
[ info ] pro.x360.com/api/service_tasks?page=1&pagesize=10&int_day=%5B%3C%3D%2C20180930%5D&status=0&own_eid=10001&with=student%2Cone_class%2Ccustomer [运行时间：0.570579s][吞吐率：1.75req/s] [内存消耗：1,144.45kb] [文件加载：116]
[ info ] [ DB ] INIT mysql
[ info ] [ LANG ] /home/wwwroot/pro.xiao360.com/thinkphp/lang/zh-cn.php
[ info ] [ ROUTE ] array (
  'type' => 'module',
  'module' => 
  array (
    0 => 'api',
    1 => 'service_tasks',
    2 => NULL,
  ),
)
[ info ] [ HEADER ] array (
  'host' => 'pro.x360.com',
  'connection' => 'close',
  'x-client-time' => '1538303769',
  'x-token' => '66c22700188d73bc0b70472b9cf9f769',
  'user-agent' => 'Mozilla/5.0 (Windows NT 10.0; WOW64) AppleWebKit/537.36 (KHTML, like Gecko) Chrome/69.0.3493.3 Safari/537.36',
  'accept' => 'application/json, text/plain, */*',
  'x-sub-host' => 'base',
  'x-bid' => '2',
  'x-requested-with' => 'XMLHttpRequest',
  'referer' => 'http://localhost:8988/',
  'accept-encoding' => 'gzip, deflate, br',
  'accept-language' => 'zh-CN,zh;q=0.9,en;q=0.8',
  'cookie' => 'PHPSESSID=c3s4dkiaq61b42d4u2dsa17eg5',
  'content-type' => '',
  'content-length' => '',
)
[ info ] [ PARAM ] array (
  'page' => '1',
  'pagesize' => '10',
  'int_day' => '[<=,20180930]',
  'status' => '0',
  'own_eid' => '10001',
  'with' => 'student,one_class,customer',
)
[ info ] [ RUN ] app\api\controller\Base->restful[ /home/wwwroot/pro.xiao360.com/application/api/controller/Base.php ]
[ info ] [ CACHE ] INIT Redis
[ info ] [ DB ] INIT mysql
[ info ] [ BEHAVIOR ] Run app\api\behavior\RecordAction @response_end [ RunTime:0.006463s ]
[ info ] [ LOG ] INIT File
[ sql ] [ DB ] CONNECT:[ UseTime:0.000897s ] mysql:host=192.168.0.157;dbname=x360p_center;charset=utf8mb4
[ sql ] [ SQL ] SHOW COLUMNS FROM `pro_client` [ RunTime:0.010940s ]
[ sql ] [ SQL ] SELECT * FROM `pro_client` WHERE  `host` = 'base'  AND `delete_time` IS NULL LIMIT 1 [ RunTime:0.001084s ]
[ sql ] [ SQL ] SHOW COLUMNS FROM `pro_database_config` [ RunTime:0.007219s ]
[ sql ] [ SQL ] SELECT * FROM `pro_database_config` WHERE  `cid` = 1 LIMIT 1 [ RunTime:0.000733s ]
---------------------------------------------------------------
[ 2018-09-30T18:36:25+08:00 ] 192.168.10.10 192.168.10.1 GET /api/service_tasks?page=1&pagesize=10&int_day=%5B%3C%3D%2C20180930%5D&status=0&own_eid=10001&with=student%2Cone_class%2Ccustomer
[ info ] pro.x360.com/api/service_tasks?page=1&pagesize=10&int_day=%5B%3C%3D%2C20180930%5D&status=0&own_eid=10001&with=student%2Cone_class%2Ccustomer [运行时间：0.569245s][吞吐率：1.76req/s] [内存消耗：1,143.62kb] [文件加载：116]
[ info ] [ DB ] INIT mysql
[ info ] [ LANG ] /home/wwwroot/pro.xiao360.com/thinkphp/lang/zh-cn.php
[ info ] [ ROUTE ] array (
  'type' => 'module',
  'module' => 
  array (
    0 => 'api',
    1 => 'service_tasks',
    2 => NULL,
  ),
)
[ info ] [ HEADER ] array (
  'host' => 'pro.x360.com',
  'connection' => 'close',
  'accept' => 'application/json, text/plain, */*',
  'x-sub-host' => 'base',
  'x-client-time' => '1538303784',
  'x-token' => '66c22700188d73bc0b70472b9cf9f769',
  'x-requested-with' => 'XMLHttpRequest',
  'user-agent' => 'Mozilla/5.0 (Windows NT 10.0; WOW64) AppleWebKit/537.36 (KHTML, like Gecko) Chrome/69.0.3493.3 Safari/537.36',
  'referer' => 'http://localhost:8988/',
  'accept-encoding' => 'gzip, deflate, br',
  'accept-language' => 'zh-CN,zh;q=0.9,en;q=0.8',
  'cookie' => 'PHPSESSID=c3s4dkiaq61b42d4u2dsa17eg5',
  'content-type' => '',
  'content-length' => '',
)
[ info ] [ PARAM ] array (
  'page' => '1',
  'pagesize' => '10',
  'int_day' => '[<=,20180930]',
  'status' => '0',
  'own_eid' => '10001',
  'with' => 'student,one_class,customer',
)
[ info ] [ RUN ] app\api\controller\Base->restful[ /home/wwwroot/pro.xiao360.com/application/api/controller/Base.php ]
[ info ] [ CACHE ] INIT Redis
[ info ] [ DB ] INIT mysql
[ info ] [ BEHAVIOR ] Run app\api\behavior\RecordAction @response_end [ RunTime:0.006966s ]
[ info ] [ LOG ] INIT File
[ sql ] [ DB ] CONNECT:[ UseTime:0.000848s ] mysql:host=192.168.0.157;dbname=x360p_center;charset=utf8mb4
[ sql ] [ SQL ] SHOW COLUMNS FROM `pro_client` [ RunTime:0.011002s ]
[ sql ] [ SQL ] SELECT * FROM `pro_client` WHERE  `host` = 'base'  AND `delete_time` IS NULL LIMIT 1 [ RunTime:0.001018s ]
[ sql ] [ SQL ] SHOW COLUMNS FROM `pro_database_config` [ RunTime:0.006926s ]
[ sql ] [ SQL ] SELECT * FROM `pro_database_config` WHERE  `cid` = 1 LIMIT 1 [ RunTime:0.000660s ]
---------------------------------------------------------------
[ 2018-09-30T18:36:40+08:00 ] 192.168.10.10 192.168.10.1 GET /api/service_tasks?page=1&pagesize=10&int_day=%5B%3C%3D%2C20180930%5D&status=0&own_eid=10001&with=student%2Cone_class%2Ccustomer
[ info ] pro.x360.com/api/service_tasks?page=1&pagesize=10&int_day=%5B%3C%3D%2C20180930%5D&status=0&own_eid=10001&with=student%2Cone_class%2Ccustomer [运行时间：0.667227s][吞吐率：1.50req/s] [内存消耗：1,144.45kb] [文件加载：116]
[ info ] [ DB ] INIT mysql
[ info ] [ LANG ] /home/wwwroot/pro.xiao360.com/thinkphp/lang/zh-cn.php
[ info ] [ ROUTE ] array (
  'type' => 'module',
  'module' => 
  array (
    0 => 'api',
    1 => 'service_tasks',
    2 => NULL,
  ),
)
[ info ] [ HEADER ] array (
  'host' => 'pro.x360.com',
  'connection' => 'close',
  'x-client-time' => '1538303799',
  'x-token' => '66c22700188d73bc0b70472b9cf9f769',
  'user-agent' => 'Mozilla/5.0 (Windows NT 10.0; WOW64) AppleWebKit/537.36 (KHTML, like Gecko) Chrome/69.0.3493.3 Safari/537.36',
  'accept' => 'application/json, text/plain, */*',
  'x-sub-host' => 'base',
  'x-bid' => '2',
  'x-requested-with' => 'XMLHttpRequest',
  'referer' => 'http://localhost:8988/',
  'accept-encoding' => 'gzip, deflate, br',
  'accept-language' => 'zh-CN,zh;q=0.9,en;q=0.8',
  'cookie' => 'PHPSESSID=c3s4dkiaq61b42d4u2dsa17eg5',
  'content-type' => '',
  'content-length' => '',
)
[ info ] [ PARAM ] array (
  'page' => '1',
  'pagesize' => '10',
  'int_day' => '[<=,20180930]',
  'status' => '0',
  'own_eid' => '10001',
  'with' => 'student,one_class,customer',
)
[ info ] [ RUN ] app\api\controller\Base->restful[ /home/wwwroot/pro.xiao360.com/application/api/controller/Base.php ]
[ info ] [ CACHE ] INIT Redis
[ info ] [ DB ] INIT mysql
[ info ] [ BEHAVIOR ] Run app\api\behavior\RecordAction @response_end [ RunTime:0.011713s ]
[ info ] [ LOG ] INIT File
[ sql ] [ DB ] CONNECT:[ UseTime:0.000806s ] mysql:host=192.168.0.157;dbname=x360p_center;charset=utf8mb4
[ sql ] [ SQL ] SHOW COLUMNS FROM `pro_client` [ RunTime:0.017358s ]
[ sql ] [ SQL ] SELECT * FROM `pro_client` WHERE  `host` = 'base'  AND `delete_time` IS NULL LIMIT 1 [ RunTime:0.003891s ]
[ sql ] [ SQL ] SHOW COLUMNS FROM `pro_database_config` [ RunTime:0.007256s ]
[ sql ] [ SQL ] SELECT * FROM `pro_database_config` WHERE  `cid` = 1 LIMIT 1 [ RunTime:0.000704s ]
---------------------------------------------------------------
[ 2018-09-30T18:36:56+08:00 ] 192.168.10.10 192.168.10.1 GET /api/service_tasks?page=1&pagesize=10&int_day=%5B%3C%3D%2C20180930%5D&status=0&own_eid=10001&with=student%2Cone_class%2Ccustomer
[ info ] pro.x360.com/api/service_tasks?page=1&pagesize=10&int_day=%5B%3C%3D%2C20180930%5D&status=0&own_eid=10001&with=student%2Cone_class%2Ccustomer [运行时间：0.590496s][吞吐率：1.69req/s] [内存消耗：1,143.62kb] [文件加载：116]
[ info ] [ DB ] INIT mysql
[ info ] [ LANG ] /home/wwwroot/pro.xiao360.com/thinkphp/lang/zh-cn.php
[ info ] [ ROUTE ] array (
  'type' => 'module',
  'module' => 
  array (
    0 => 'api',
    1 => 'service_tasks',
    2 => NULL,
  ),
)
[ info ] [ HEADER ] array (
  'host' => 'pro.x360.com',
  'connection' => 'close',
  'accept' => 'application/json, text/plain, */*',
  'x-sub-host' => 'base',
  'x-client-time' => '1538303815',
  'x-token' => '66c22700188d73bc0b70472b9cf9f769',
  'x-requested-with' => 'XMLHttpRequest',
  'user-agent' => 'Mozilla/5.0 (Windows NT 10.0; WOW64) AppleWebKit/537.36 (KHTML, like Gecko) Chrome/69.0.3493.3 Safari/537.36',
  'referer' => 'http://localhost:8988/',
  'accept-encoding' => 'gzip, deflate, br',
  'accept-language' => 'zh-CN,zh;q=0.9,en;q=0.8',
  'cookie' => 'PHPSESSID=c3s4dkiaq61b42d4u2dsa17eg5',
  'content-type' => '',
  'content-length' => '',
)
[ info ] [ PARAM ] array (
  'page' => '1',
  'pagesize' => '10',
  'int_day' => '[<=,20180930]',
  'status' => '0',
  'own_eid' => '10001',
  'with' => 'student,one_class,customer',
)
[ info ] [ RUN ] app\api\controller\Base->restful[ /home/wwwroot/pro.xiao360.com/application/api/controller/Base.php ]
[ info ] [ CACHE ] INIT Redis
[ info ] [ DB ] INIT mysql
[ info ] [ BEHAVIOR ] Run app\api\behavior\RecordAction @response_end [ RunTime:0.007355s ]
[ info ] [ LOG ] INIT File
[ sql ] [ DB ] CONNECT:[ UseTime:0.000848s ] mysql:host=192.168.0.157;dbname=x360p_center;charset=utf8mb4
[ sql ] [ SQL ] SHOW COLUMNS FROM `pro_client` [ RunTime:0.009426s ]
[ sql ] [ SQL ] SELECT * FROM `pro_client` WHERE  `host` = 'base'  AND `delete_time` IS NULL LIMIT 1 [ RunTime:0.000905s ]
[ sql ] [ SQL ] SHOW COLUMNS FROM `pro_database_config` [ RunTime:0.007268s ]
[ sql ] [ SQL ] SELECT * FROM `pro_database_config` WHERE  `cid` = 1 LIMIT 1 [ RunTime:0.003490s ]
---------------------------------------------------------------
[ 2018-09-30T18:37:10+08:00 ] 192.168.10.10 192.168.10.1 GET /api/service_tasks?page=1&pagesize=10&int_day=%5B%3C%3D%2C20180930%5D&status=0&own_eid=10001&with=student%2Cone_class%2Ccustomer
[ info ] pro.x360.com/api/service_tasks?page=1&pagesize=10&int_day=%5B%3C%3D%2C20180930%5D&status=0&own_eid=10001&with=student%2Cone_class%2Ccustomer [运行时间：0.594610s][吞吐率：1.68req/s] [内存消耗：1,144.45kb] [文件加载：116]
[ info ] [ DB ] INIT mysql
[ info ] [ LANG ] /home/wwwroot/pro.xiao360.com/thinkphp/lang/zh-cn.php
[ info ] [ ROUTE ] array (
  'type' => 'module',
  'module' => 
  array (
    0 => 'api',
    1 => 'service_tasks',
    2 => NULL,
  ),
)
[ info ] [ HEADER ] array (
  'host' => 'pro.x360.com',
  'connection' => 'close',
  'x-client-time' => '1538303829',
  'x-token' => '66c22700188d73bc0b70472b9cf9f769',
  'user-agent' => 'Mozilla/5.0 (Windows NT 10.0; WOW64) AppleWebKit/537.36 (KHTML, like Gecko) Chrome/69.0.3493.3 Safari/537.36',
  'accept' => 'application/json, text/plain, */*',
  'x-sub-host' => 'base',
  'x-bid' => '2',
  'x-requested-with' => 'XMLHttpRequest',
  'referer' => 'http://localhost:8988/',
  'accept-encoding' => 'gzip, deflate, br',
  'accept-language' => 'zh-CN,zh;q=0.9,en;q=0.8',
  'cookie' => 'PHPSESSID=c3s4dkiaq61b42d4u2dsa17eg5',
  'content-type' => '',
  'content-length' => '',
)
[ info ] [ PARAM ] array (
  'page' => '1',
  'pagesize' => '10',
  'int_day' => '[<=,20180930]',
  'status' => '0',
  'own_eid' => '10001',
  'with' => 'student,one_class,customer',
)
[ info ] [ RUN ] app\api\controller\Base->restful[ /home/wwwroot/pro.xiao360.com/application/api/controller/Base.php ]
[ info ] [ CACHE ] INIT Redis
[ info ] [ DB ] INIT mysql
[ info ] [ BEHAVIOR ] Run app\api\behavior\RecordAction @response_end [ RunTime:0.008139s ]
[ info ] [ LOG ] INIT File
[ sql ] [ DB ] CONNECT:[ UseTime:0.000973s ] mysql:host=192.168.0.157;dbname=x360p_center;charset=utf8mb4
[ sql ] [ SQL ] SHOW COLUMNS FROM `pro_client` [ RunTime:0.014394s ]
[ sql ] [ SQL ] SELECT * FROM `pro_client` WHERE  `host` = 'base'  AND `delete_time` IS NULL LIMIT 1 [ RunTime:0.001019s ]
[ sql ] [ SQL ] SHOW COLUMNS FROM `pro_database_config` [ RunTime:0.007747s ]
[ sql ] [ SQL ] SELECT * FROM `pro_database_config` WHERE  `cid` = 1 LIMIT 1 [ RunTime:0.001013s ]
---------------------------------------------------------------
[ 2018-09-30T18:37:27+08:00 ] 192.168.10.10 192.168.10.1 GET /api/service_tasks?page=1&pagesize=10&int_day=%5B%3C%3D%2C20180930%5D&status=0&own_eid=10001&with=student%2Cone_class%2Ccustomer
[ info ] pro.x360.com/api/service_tasks?page=1&pagesize=10&int_day=%5B%3C%3D%2C20180930%5D&status=0&own_eid=10001&with=student%2Cone_class%2Ccustomer [运行时间：0.570942s][吞吐率：1.75req/s] [内存消耗：1,143.62kb] [文件加载：116]
[ info ] [ DB ] INIT mysql
[ info ] [ LANG ] /home/wwwroot/pro.xiao360.com/thinkphp/lang/zh-cn.php
[ info ] [ ROUTE ] array (
  'type' => 'module',
  'module' => 
  array (
    0 => 'api',
    1 => 'service_tasks',
    2 => NULL,
  ),
)
[ info ] [ HEADER ] array (
  'host' => 'pro.x360.com',
  'connection' => 'close',
  'accept' => 'application/json, text/plain, */*',
  'x-sub-host' => 'base',
  'x-client-time' => '1538303846',
  'x-token' => '66c22700188d73bc0b70472b9cf9f769',
  'x-requested-with' => 'XMLHttpRequest',
  'user-agent' => 'Mozilla/5.0 (Windows NT 10.0; WOW64) AppleWebKit/537.36 (KHTML, like Gecko) Chrome/69.0.3493.3 Safari/537.36',
  'referer' => 'http://localhost:8988/',
  'accept-encoding' => 'gzip, deflate, br',
  'accept-language' => 'zh-CN,zh;q=0.9,en;q=0.8',
  'cookie' => 'PHPSESSID=c3s4dkiaq61b42d4u2dsa17eg5',
  'content-type' => '',
  'content-length' => '',
)
[ info ] [ PARAM ] array (
  'page' => '1',
  'pagesize' => '10',
  'int_day' => '[<=,20180930]',
  'status' => '0',
  'own_eid' => '10001',
  'with' => 'student,one_class,customer',
)
[ info ] [ RUN ] app\api\controller\Base->restful[ /home/wwwroot/pro.xiao360.com/application/api/controller/Base.php ]
[ info ] [ CACHE ] INIT Redis
[ info ] [ DB ] INIT mysql
[ info ] [ BEHAVIOR ] Run app\api\behavior\RecordAction @response_end [ RunTime:0.006287s ]
[ info ] [ LOG ] INIT File
[ sql ] [ DB ] CONNECT:[ UseTime:0.000812s ] mysql:host=192.168.0.157;dbname=x360p_center;charset=utf8mb4
[ sql ] [ SQL ] SHOW COLUMNS FROM `pro_client` [ RunTime:0.015837s ]
[ sql ] [ SQL ] SELECT * FROM `pro_client` WHERE  `host` = 'base'  AND `delete_time` IS NULL LIMIT 1 [ RunTime:0.001059s ]
[ sql ] [ SQL ] SHOW COLUMNS FROM `pro_database_config` [ RunTime:0.006704s ]
[ sql ] [ SQL ] SELECT * FROM `pro_database_config` WHERE  `cid` = 1 LIMIT 1 [ RunTime:0.000669s ]
